Flow report for last_tetris
Mon Nov 24 22:38:05 2025
Quartus II Version 9.1 Build 350 03/24/2010 Service Pack 2 SJ Web Edition


---------------------
; Table of Contents ;
---------------------
  1. Legal Notice
  2. Flow Summary
  3. Flow Settings
  4. Flow Non-Default Global Settings
  5. Flow Elapsed Time
  6. Flow OS Summary
  7. Flow Log



----------------
; Legal Notice ;
----------------
Copyright (C) 1991-2010 Altera Corporation
Your use of Altera Corporation's design tools, logic functions 
and other software and tools, and its AMPP partner logic 
functions, and any output files from any of the foregoing 
(including device programming or simulation files), and any 
associated documentation or information are expressly subject 
to the terms and conditions of the Altera Program License 
Subscription Agreement, Altera MegaCore Function License 
Agreement, or other applicable license agreement, including, 
without limitation, that your use is for the sole purpose of 
programming logic devices manufactured by Altera and sold by 
Altera or its authorized distributors.  Please refer to the 
applicable agreement for further details.



+-----------------------------------------------------------------------------------+
; Flow Summary                                                                      ;
+------------------------------------+----------------------------------------------+
; Flow Status                        ; Successful - Mon Nov 24 22:38:03 2025        ;
; Quartus II Version                 ; 9.1 Build 350 03/24/2010 SP 2 SJ Web Edition ;
; Revision Name                      ; last_tetris                                  ;
; Top-level Entity Name              ; last_tetris                                  ;
; Family                             ; Cyclone III                                  ;
; Device                             ; EP3C16F484C6                                 ;
; Timing Models                      ; Final                                        ;
; Met timing requirements            ; N/A                                          ;
; Total logic elements               ; 1,320 / 15,408 ( 9 % )                       ;
;     Total combinational functions  ; 1,320 / 15,408 ( 9 % )                       ;
;     Dedicated logic registers      ; 82 / 15,408 ( < 1 % )                        ;
; Total registers                    ; 82                                           ;
; Total pins                         ; 38 / 347 ( 11 % )                            ;
; Total virtual pins                 ; 0                                            ;
; Total memory bits                  ; 0 / 516,096 ( 0 % )                          ;
; Embedded Multiplier 9-bit elements ; 0 / 112 ( 0 % )                              ;
; Total PLLs                         ; 0 / 4 ( 0 % )                                ;
+------------------------------------+----------------------------------------------+


+-----------------------------------------+
; Flow Settings                           ;
+-------------------+---------------------+
; Option            ; Setting             ;
+-------------------+---------------------+
; Start date & time ; 11/24/2025 22:26:19 ;
; Main task         ; Compilation         ;
; Revision Name     ; last_tetris         ;
+-------------------+---------------------+


+-----------------------------------------------------------------------------------------------------------------------------------------------------------------+
; Flow Non-Default Global Settings                                                                                                                                ;
+------------------------------------+-----------------------------------------------------------------------------+---------------+-------------+----------------+
; Assignment Name                    ; Value                                                                       ; Default Value ; Entity Name ; Section Id     ;
+------------------------------------+-----------------------------------------------------------------------------+---------------+-------------+----------------+
; COMPILER_SIGNATURE_ID              ; 5415283221420.176399437515024                                               ; --            ; --          ; --             ;
; EDA_OUTPUT_DATA_FORMAT             ; Verilog Hdl                                                                 ; --            ; --          ; eda_simulation ;
; EDA_SIMULATION_TOOL                ; ModelSim-Altera (Verilog)                                                   ; <None>        ; --          ; --             ;
; EDA_TIME_SCALE                     ; 1 ps                                                                        ; --            ; --          ; eda_simulation ;
; MAX_CORE_JUNCTION_TEMP             ; 85                                                                          ; --            ; --          ; --             ;
; MIN_CORE_JUNCTION_TEMP             ; 0                                                                           ; --            ; --          ; --             ;
; MISC_FILE                          ; C:/Users/user/Desktop/last_tetris/last_tetris.dpf                           ; --            ; --          ; --             ;
; MISC_FILE                          ; C:/Users/emily/OneDrive/орн▒/last_tetris/last_tetris.dpf                    ; --            ; --          ; --             ;
; MISC_FILE                          ; C:/Users/emily/OneDrive/орн▒/last_tetris/last_tetris/last_tetris.dpf        ; --            ; --          ; --             ;
; MISC_FILE                          ; C:/Users/user/Downloads/last_tetris/last_tetris/last_tetris/last_tetris.dpf ; --            ; --          ; --             ;
; MISC_FILE                          ; C:/Users/user/Downloads/last_tetris/last_tetris/last_tetris.dpf             ; --            ; --          ; --             ;
; NOMINAL_CORE_SUPPLY_VOLTAGE        ; 1.2V                                                                        ; --            ; --          ; --             ;
; PARTITION_COLOR                    ; 16764057                                                                    ; --            ; --          ; Top            ;
; PARTITION_NETLIST_TYPE             ; SOURCE                                                                      ; --            ; --          ; Top            ;
; USE_GENERATED_PHYSICAL_CONSTRAINTS ; Off                                                                         ; --            ; --          ; eda_blast_fpga ;
+------------------------------------+-----------------------------------------------------------------------------+---------------+-------------+----------------+


+-------------------------------------------------------------------------------------------------------------------------------+
; Flow Elapsed Time                                                                                                             ;
+---------------------------+--------------+-------------------------+---------------------+------------------------------------+
; Module Name               ; Elapsed Time ; Average Processors Used ; Peak Virtual Memory ; Total CPU Time (on all processors) ;
+---------------------------+--------------+-------------------------+---------------------+------------------------------------+
; Analysis & Synthesis      ; 00:01:19     ; 1.0                     ; 242 MB              ; 00:00:24                           ;
; Fitter                    ; 00:00:37     ; 1.0                     ; 308 MB              ; 00:00:13                           ;
; TimeQuest Timing Analyzer ; 00:03:04     ; 1.0                     ; 250 MB              ; 00:00:10                           ;
; Assembler                 ; 00:01:00     ; 1.0                     ; 242 MB              ; 00:00:02                           ;
; EDA Netlist Writer        ; 00:02:54     ; 1.0                     ; 211 MB              ; 00:00:27                           ;
; Total                     ; 00:07:54     ; --                      ; --                  ; 00:01:14                           ;
+---------------------------+--------------+-------------------------+---------------------+------------------------------------+


+--------------------------------------------------------------------------------------------+
; Flow OS Summary                                                                            ;
+---------------------------+------------------+---------------+------------+----------------+
; Module Name               ; Machine Hostname ; OS Name       ; OS Version ; Processor type ;
+---------------------------+------------------+---------------+------------+----------------+
; Analysis & Synthesis      ; dududu           ; Windows Vista ; 6.2        ; x86_64         ;
; Fitter                    ; dududu           ; Windows Vista ; 6.2        ; x86_64         ;
; Assembler                 ; dududu           ; Windows Vista ; 6.2        ; x86_64         ;
; TimeQuest Timing Analyzer ; dududu           ; Windows Vista ; 6.2        ; x86_64         ;
; EDA Netlist Writer        ; dududu           ; Windows Vista ; 6.2        ; x86_64         ;
+---------------------------+------------------+---------------+------------+----------------+


------------
; Flow Log ;
------------
quartus_map --read_settings_files=on --write_settings_files=off last_tetris -c last_tetris
quartus_fit --read_settings_files=off --write_settings_files=off last_tetris -c last_tetris
quartus_asm --read_settings_files=off --write_settings_files=off last_tetris -c last_tetris
quartus_sta last_tetris -c last_tetris
quartus_eda --read_settings_files=off --write_settings_files=off last_tetris -c last_tetris



