Analysis & Synthesis report for last_tetris
Mon Nov 24 22:27:25 2025
Quartus II Version 9.1 Build 350 03/24/2010 Service Pack 2 SJ Web Edition


---------------------
; Table of Contents ;
---------------------
  1. Legal Notice
  2. Analysis & Synthesis Summary
  3. Analysis & Synthesis Settings
  4. Parallel Compilation
  5. Analysis & Synthesis Source Files Read
  6. Analysis & Synthesis Resource Usage Summary
  7. Analysis & Synthesis Resource Utilization by Entity
  8. State Machine - |last_tetris|now
  9. Registers Removed During Synthesis
 10. General Register Statistics
 11. Inverted Register Statistics
 12. Multiplexer Restructuring Statistics (Restructuring Performed)
 13. Parameter Settings for User Entity Instance: Top-level Entity: |last_tetris
 14. Analysis & Synthesis Messages
 15. Analysis & Synthesis Suppressed Messages



----------------
; Legal Notice ;
----------------
Copyright (C) 1991-2010 Altera Corporation
Your use of Altera Corporation's design tools, logic functions 
and other software and tools, and its AMPP partner logic 
functions, and any output files from any of the foregoing 
(including device programming or simulation files), and any 
associated documentation or information are expressly subject 
to the terms and conditions of the Altera Program License 
Subscription Agreement, Altera MegaCore Function License 
Agreement, or other applicable license agreement, including, 
without limitation, that your use is for the sole purpose of 
programming logic devices manufactured by Altera and sold by 
Altera or its authorized distributors.  Please refer to the 
applicable agreement for further details.



+-----------------------------------------------------------------------------------+
; Analysis & Synthesis Summary                                                      ;
+------------------------------------+----------------------------------------------+
; Analysis & Synthesis Status        ; Successful - Mon Nov 24 22:27:21 2025        ;
; Quartus II Version                 ; 9.1 Build 350 03/24/2010 SP 2 SJ Web Edition ;
; Revision Name                      ; last_tetris                                  ;
; Top-level Entity Name              ; last_tetris                                  ;
; Family                             ; Cyclone III                                  ;
; Total logic elements               ; 1,321                                        ;
;     Total combinational functions  ; 1,320                                        ;
;     Dedicated logic registers      ; 82                                           ;
; Total registers                    ; 82                                           ;
; Total pins                         ; 38                                           ;
; Total virtual pins                 ; 0                                            ;
; Total memory bits                  ; 0                                            ;
; Embedded Multiplier 9-bit elements ; 0                                            ;
; Total PLLs                         ; 0                                            ;
+------------------------------------+----------------------------------------------+


+----------------------------------------------------------------------------------------------------------------------+
; Analysis & Synthesis Settings                                                                                        ;
+----------------------------------------------------------------------------+--------------------+--------------------+
; Option                                                                     ; Setting            ; Default Value      ;
+----------------------------------------------------------------------------+--------------------+--------------------+
; Device                                                                     ; EP3C16F484C6       ;                    ;
; Top-level entity name                                                      ; last_tetris        ; last_tetris        ;
; Family name                                                                ; Cyclone III        ; Stratix II         ;
; Type of Retiming Performed During Resynthesis                              ; Full               ;                    ;
; Resynthesis Optimization Effort                                            ; Normal             ;                    ;
; Physical Synthesis Level for Resynthesis                                   ; Normal             ;                    ;
; Use Generated Physical Constraints File                                    ; On                 ;                    ;
; Use smart compilation                                                      ; Off                ; Off                ;
; Enable parallel Assembler and TimeQuest Timing Analyzer during compilation ; On                 ; On                 ;
; Enable compact report table                                                ; Off                ; Off                ;
; Restructure Multiplexers                                                   ; Auto               ; Auto               ;
; Create Debugging Nodes for IP Cores                                        ; Off                ; Off                ;
; Preserve fewer node names                                                  ; On                 ; On                 ;
; Disable OpenCore Plus hardware evaluation                                  ; Off                ; Off                ;
; Verilog Version                                                            ; Verilog_2001       ; Verilog_2001       ;
; VHDL Version                                                               ; VHDL_1993          ; VHDL_1993          ;
; State Machine Processing                                                   ; Auto               ; Auto               ;
; Safe State Machine                                                         ; Off                ; Off                ;
; Extract Verilog State Machines                                             ; On                 ; On                 ;
; Extract VHDL State Machines                                                ; On                 ; On                 ;
; Ignore Verilog initial constructs                                          ; Off                ; Off                ;
; Iteration limit for constant Verilog loops                                 ; 5000               ; 5000               ;
; Iteration limit for non-constant Verilog loops                             ; 250                ; 250                ;
; Add Pass-Through Logic to Inferred RAMs                                    ; On                 ; On                 ;
; Parallel Synthesis                                                         ; On                 ; On                 ;
; DSP Block Balancing                                                        ; Auto               ; Auto               ;
; NOT Gate Push-Back                                                         ; On                 ; On                 ;
; Power-Up Don't Care                                                        ; On                 ; On                 ;
; Remove Redundant Logic Cells                                               ; Off                ; Off                ;
; Remove Duplicate Registers                                                 ; On                 ; On                 ;
; Ignore CARRY Buffers                                                       ; Off                ; Off                ;
; Ignore CASCADE Buffers                                                     ; Off                ; Off                ;
; Ignore GLOBAL Buffers                                                      ; Off                ; Off                ;
; Ignore ROW GLOBAL Buffers                                                  ; Off                ; Off                ;
; Ignore LCELL Buffers                                                       ; Off                ; Off                ;
; Ignore SOFT Buffers                                                        ; On                 ; On                 ;
; Limit AHDL Integers to 32 Bits                                             ; Off                ; Off                ;
; Optimization Technique                                                     ; Balanced           ; Balanced           ;
; Carry Chain Length                                                         ; 70                 ; 70                 ;
; Auto Carry Chains                                                          ; On                 ; On                 ;
; Auto Open-Drain Pins                                                       ; On                 ; On                 ;
; Perform WYSIWYG Primitive Resynthesis                                      ; Off                ; Off                ;
; Auto ROM Replacement                                                       ; On                 ; On                 ;
; Auto RAM Replacement                                                       ; On                 ; On                 ;
; Auto DSP Block Replacement                                                 ; On                 ; On                 ;
; Auto Shift Register Replacement                                            ; Auto               ; Auto               ;
; Auto Clock Enable Replacement                                              ; On                 ; On                 ;
; Strict RAM Replacement                                                     ; Off                ; Off                ;
; Allow Synchronous Control Signals                                          ; On                 ; On                 ;
; Force Use of Synchronous Clear Signals                                     ; Off                ; Off                ;
; Auto RAM Block Balancing                                                   ; On                 ; On                 ;
; Auto RAM to Logic Cell Conversion                                          ; Off                ; Off                ;
; Auto Resource Sharing                                                      ; Off                ; Off                ;
; Allow Any RAM Size For Recognition                                         ; Off                ; Off                ;
; Allow Any ROM Size For Recognition                                         ; Off                ; Off                ;
; Allow Any Shift Register Size For Recognition                              ; Off                ; Off                ;
; Use LogicLock Constraints during Resource Balancing                        ; On                 ; On                 ;
; Ignore translate_off and synthesis_off directives                          ; Off                ; Off                ;
; Timing-Driven Synthesis                                                    ; On                 ; On                 ;
; Show Parameter Settings Tables in Synthesis Report                         ; On                 ; On                 ;
; Ignore Maximum Fan-Out Assignments                                         ; Off                ; Off                ;
; Synchronization Register Chain Length                                      ; 2                  ; 2                  ;
; PowerPlay Power Optimization                                               ; Normal compilation ; Normal compilation ;
; HDL message level                                                          ; Level2             ; Level2             ;
; Suppress Register Optimization Related Messages                            ; Off                ; Off                ;
; Number of Removed Registers Reported in Synthesis Report                   ; 5000               ; 5000               ;
; Number of Inverted Registers Reported in Synthesis Report                  ; 100                ; 100                ;
; Clock MUX Protection                                                       ; On                 ; On                 ;
; Auto Gated Clock Conversion                                                ; Off                ; Off                ;
; Block Design Naming                                                        ; Auto               ; Auto               ;
; SDC constraint protection                                                  ; Off                ; Off                ;
; Synthesis Effort                                                           ; Auto               ; Auto               ;
; Shift Register Replacement - Allow Asynchronous Clear Signal               ; On                 ; On                 ;
; Analysis & Synthesis Message Level                                         ; Medium             ; Medium             ;
; Disable Register Merging Across Hierarchies                                ; Auto               ; Auto               ;
; Resource Aware Inference For Block RAM                                     ; On                 ; On                 ;
+----------------------------------------------------------------------------+--------------------+--------------------+


Parallel compilation was disabled, but you have multiple processors available. Enable parallel compilation to reduce compilation time.
+-------------------------------------+
; Parallel Compilation                ;
+----------------------------+--------+
; Processors                 ; Number ;
+----------------------------+--------+
; Number detected on machine ; 10     ;
; Maximum allowed            ; 1      ;
+----------------------------+--------+


+-----------------------------------------------------------------------------------------------------------------------------------------------------------------------------------------------------------------------------+
; Analysis & Synthesis Source Files Read                                                                                                                                                                                      ;
+----------------------------------+-----------------+------------------------+-----------------------------------------------------------------------------------------------------------------------------------------------+
; File Name with User-Entered Path ; Used in Netlist ; File Type              ; File Name with Absolute Path                                                                                                                  ;
+----------------------------------+-----------------+------------------------+-----------------------------------------------------------------------------------------------------------------------------------------------+
; last_tetris.v                    ; yes             ; User Verilog HDL File  ; Z:/! 計畫_實踐 DSL1112遊戲專案 NAS_1119/SW+B/CS255B-3 俄羅斯方塊/Final Project - 俄羅斯方塊/last_tetris/last_tetris/last_tetris/last_tetris.v ;
+----------------------------------+-----------------+------------------------+-----------------------------------------------------------------------------------------------------------------------------------------------+


+-----------------------------------------------------------+
; Analysis & Synthesis Resource Usage Summary               ;
+---------------------------------------------+-------------+
; Resource                                    ; Usage       ;
+---------------------------------------------+-------------+
; Estimated Total logic elements              ; 1,321       ;
;                                             ;             ;
; Total combinational functions               ; 1320        ;
; Logic element usage by number of LUT inputs ;             ;
;     -- 4 input functions                    ; 925         ;
;     -- 3 input functions                    ; 266         ;
;     -- <=2 input functions                  ; 129         ;
;                                             ;             ;
; Logic elements by mode                      ;             ;
;     -- normal mode                          ; 1295        ;
;     -- arithmetic mode                      ; 25          ;
;                                             ;             ;
; Total registers                             ; 82          ;
;     -- Dedicated logic registers            ; 82          ;
;     -- I/O registers                        ; 0           ;
;                                             ;             ;
; I/O pins                                    ; 38          ;
; Maximum fan-out node                        ; reset~input ;
; Maximum fan-out                             ; 194         ;
; Total fan-out                               ; 5092        ;
; Average fan-out                             ; 3.45        ;
+---------------------------------------------+-------------+


+-----------------------------------------------------------------------------------------------------------------------------------------------------------------------------+
; Analysis & Synthesis Resource Utilization by Entity                                                                                                                         ;
+----------------------------+-------------------+--------------+-------------+--------------+---------+-----------+------+--------------+---------------------+--------------+
; Compilation Hierarchy Node ; LC Combinationals ; LC Registers ; Memory Bits ; DSP Elements ; DSP 9x9 ; DSP 18x18 ; Pins ; Virtual Pins ; Full Hierarchy Name ; Library Name ;
+----------------------------+-------------------+--------------+-------------+--------------+---------+-----------+------+--------------+---------------------+--------------+
; |last_tetris               ; 1320 (1320)       ; 82 (82)      ; 0           ; 0            ; 0       ; 0         ; 38   ; 0            ; |last_tetris        ; work         ;
+----------------------------+-------------------+--------------+-------------+--------------+---------+-----------+------+--------------+---------------------+--------------+
Note: For table entries with two numbers listed, the numbers in parentheses indicate the number of resources of the given type used by the specific entity alone. The numbers listed outside of parentheses indicate the total resources of the given type used by the specific entity and all of its sub-entities in the hierarchy.


Encoding Type:  One-Hot
+---------------------------------------------------------------------------------------------------------------------------------------------------------+
; State Machine - |last_tetris|now                                                                                                                        ;
+----------+----------+----------+----------+----------+----------+----------+----------+----------+----------+----------+----------+----------+----------+
; Name     ; now.1100 ; now.1011 ; now.1010 ; now.1001 ; now.1000 ; now.0111 ; now.0110 ; now.0101 ; now.0100 ; now.0011 ; now.0010 ; now.0001 ; now.0000 ;
+----------+----------+----------+----------+----------+----------+----------+----------+----------+----------+----------+----------+----------+----------+
; now.0000 ; 0        ; 0        ; 0        ; 0        ; 0        ; 0        ; 0        ; 0        ; 0        ; 0        ; 0        ; 0        ; 0        ;
; now.0001 ; 0        ; 0        ; 0        ; 0        ; 0        ; 0        ; 0        ; 0        ; 0        ; 0        ; 0        ; 1        ; 1        ;
; now.0010 ; 0        ; 0        ; 0        ; 0        ; 0        ; 0        ; 0        ; 0        ; 0        ; 0        ; 1        ; 0        ; 1        ;
; now.0011 ; 0        ; 0        ; 0        ; 0        ; 0        ; 0        ; 0        ; 0        ; 0        ; 1        ; 0        ; 0        ; 1        ;
; now.0100 ; 0        ; 0        ; 0        ; 0        ; 0        ; 0        ; 0        ; 0        ; 1        ; 0        ; 0        ; 0        ; 1        ;
; now.0101 ; 0        ; 0        ; 0        ; 0        ; 0        ; 0        ; 0        ; 1        ; 0        ; 0        ; 0        ; 0        ; 1        ;
; now.0110 ; 0        ; 0        ; 0        ; 0        ; 0        ; 0        ; 1        ; 0        ; 0        ; 0        ; 0        ; 0        ; 1        ;
; now.0111 ; 0        ; 0        ; 0        ; 0        ; 0        ; 1        ; 0        ; 0        ; 0        ; 0        ; 0        ; 0        ; 1        ;
; now.1000 ; 0        ; 0        ; 0        ; 0        ; 1        ; 0        ; 0        ; 0        ; 0        ; 0        ; 0        ; 0        ; 1        ;
; now.1001 ; 0        ; 0        ; 0        ; 1        ; 0        ; 0        ; 0        ; 0        ; 0        ; 0        ; 0        ; 0        ; 1        ;
; now.1010 ; 0        ; 0        ; 1        ; 0        ; 0        ; 0        ; 0        ; 0        ; 0        ; 0        ; 0        ; 0        ; 1        ;
; now.1011 ; 0        ; 1        ; 0        ; 0        ; 0        ; 0        ; 0        ; 0        ; 0        ; 0        ; 0        ; 0        ; 1        ;
; now.1100 ; 1        ; 0        ; 0        ; 0        ; 0        ; 0        ; 0        ; 0        ; 0        ; 0        ; 0        ; 0        ; 1        ;
+----------+----------+----------+----------+----------+----------+----------+----------+----------+----------+----------+----------+----------+----------+


+---------------------------------------------------------------------------------+
; Registers Removed During Synthesis                                              ;
+----------------------------------------+----------------------------------------+
; Register name                          ; Reason for Removal                     ;
+----------------------------------------+----------------------------------------+
; tmp[0..2,4,8..9]                       ; Merged with tmp[3]                     ;
; tmp[11,16]                             ; Merged with tmp[24]                    ;
; tmp[7,15,17]                           ; Merged with tmp[23]                    ;
; tmp[14]                                ; Merged with tmp[22]                    ;
; tmp[12..13,19..20]                     ; Merged with tmp[21]                    ;
; tmp[6]                                 ; Merged with tmp[18]                    ;
; tmp[5]                                 ; Merged with tmp[10]                    ;
; tmp[3]                                 ; Stuck at GND due to stuck port data_in ;
; tmp[21]                                ; Stuck at VCC due to stuck port data_in ;
; tmp[18]                                ; Merged with tmp[23]                    ;
; now~15                                 ; Lost fanout                            ;
; now~16                                 ; Lost fanout                            ;
; now~17                                 ; Lost fanout                            ;
; now~18                                 ; Lost fanout                            ;
; tmp[22]                                ; Merged with tmp[10]                    ;
; tmp[25]                                ; Merged with tmp[24]                    ;
; Total Number of Removed Registers = 27 ;                                        ;
+----------------------------------------+----------------------------------------+


+------------------------------------------------------+
; General Register Statistics                          ;
+----------------------------------------------+-------+
; Statistic                                    ; Value ;
+----------------------------------------------+-------+
; Total registers                              ; 82    ;
; Number of registers using Synchronous Clear  ; 28    ;
; Number of registers using Synchronous Load   ; 17    ;
; Number of registers using Asynchronous Clear ; 26    ;
; Number of registers using Asynchronous Load  ; 0     ;
; Number of registers using Clock Enable       ; 15    ;
; Number of registers using Preset             ; 0     ;
+----------------------------------------------+-------+


+--------------------------------------------------+
; Inverted Register Statistics                     ;
+----------------------------------------+---------+
; Inverted Register                      ; Fan out ;
+----------------------------------------+---------+
; tmp[23]                                ; 3       ;
; Total number of inverted registers = 1 ;         ;
+----------------------------------------+---------+


+------------------------------------------------------------------------------------------------------------------------------------------+
; Multiplexer Restructuring Statistics (Restructuring Performed)                                                                           ;
+--------------------+-----------+---------------+----------------------+------------------------+------------+----------------------------+
; Multiplexer Inputs ; Bus Width ; Baseline Area ; Area if Restructured ; Saving if Restructured ; Registered ; Example Multiplexer Output ;
+--------------------+-----------+---------------+----------------------+------------------------+------------+----------------------------+
; 4:1                ; 2 bits    ; 4 LEs         ; 2 LEs                ; 2 LEs                  ; Yes        ; |last_tetris|state_r       ;
; 4:1                ; 2 bits    ; 4 LEs         ; 4 LEs                ; 0 LEs                  ; Yes        ; |last_tetris|led7~reg0     ;
; 7:1                ; 3 bits    ; 12 LEs        ; 6 LEs                ; 6 LEs                  ; Yes        ; |last_tetris|hex3_g~reg0   ;
; 7:1                ; 9 bits    ; 36 LEs        ; 27 LEs               ; 9 LEs                  ; Yes        ; |last_tetris|hex0_a~reg0   ;
; 3:1                ; 13 bits   ; 26 LEs        ; 26 LEs               ; 0 LEs                  ; No         ; |last_tetris|now           ;
; 3:1                ; 2 bits    ; 4 LEs         ; 2 LEs                ; 2 LEs                  ; No         ; |last_tetris|hex3_f        ;
; 3:1                ; 2 bits    ; 4 LEs         ; 2 LEs                ; 2 LEs                  ; No         ; |last_tetris|hex2_e        ;
; 3:1                ; 2 bits    ; 4 LEs         ; 2 LEs                ; 2 LEs                  ; No         ; |last_tetris|hex1_e        ;
; 3:1                ; 2 bits    ; 4 LEs         ; 2 LEs                ; 2 LEs                  ; No         ; |last_tetris|hex0_e        ;
; 4:1                ; 9 bits    ; 18 LEs        ; 18 LEs               ; 0 LEs                  ; No         ; |last_tetris|now           ;
; 4:1                ; 2 bits    ; 4 LEs         ; 2 LEs                ; 2 LEs                  ; No         ; |last_tetris|hex3_b        ;
; 4:1                ; 2 bits    ; 4 LEs         ; 2 LEs                ; 2 LEs                  ; No         ; |last_tetris|hex2_b        ;
; 4:1                ; 2 bits    ; 4 LEs         ; 2 LEs                ; 2 LEs                  ; No         ; |last_tetris|hex1_c        ;
; 5:1                ; 3 bits    ; 9 LEs         ; 6 LEs                ; 3 LEs                  ; No         ; |last_tetris|now           ;
; 4:1                ; 4 bits    ; 8 LEs         ; 8 LEs                ; 0 LEs                  ; No         ; |last_tetris|tmp           ;
; 17:1               ; 4 bits    ; 44 LEs        ; 12 LEs               ; 32 LEs                 ; No         ; |last_tetris|now           ;
; 17:1               ; 4 bits    ; 44 LEs        ; 4 LEs                ; 40 LEs                 ; No         ; |last_tetris|now           ;
; 18:1               ; 4 bits    ; 48 LEs        ; 8 LEs                ; 40 LEs                 ; No         ; |last_tetris|now           ;
; 18:1               ; 4 bits    ; 48 LEs        ; 8 LEs                ; 40 LEs                 ; No         ; |last_tetris|now           ;
; 26:1               ; 4 bits    ; 68 LEs        ; 16 LEs               ; 52 LEs                 ; No         ; |last_tetris|now           ;
; 26:1               ; 4 bits    ; 68 LEs        ; 16 LEs               ; 52 LEs                 ; No         ; |last_tetris|now           ;
; 42:1               ; 5 bits    ; 140 LEs       ; 25 LEs               ; 115 LEs                ; No         ; |last_tetris|now           ;
+--------------------+-----------+---------------+----------------------+------------------------+------------+----------------------------+


+-----------------------------------------------------------------------------+
; Parameter Settings for User Entity Instance: Top-level Entity: |last_tetris ;
+----------------+----------------------------+-------------------------------+
; Parameter Name ; Value                      ; Type                          ;
+----------------+----------------------------+-------------------------------+
; level1         ; 10111110101111000010000000 ; Unsigned Binary               ;
; level2         ; 10001111000011010001100000 ; Unsigned Binary               ;
; level3         ; 01011111010111100001000000 ; Unsigned Binary               ;
+----------------+----------------------------+-------------------------------+
Note: In order to hide this table in the UI and the text report file, please set the "Show Parameter Settings Tables in Synthesis Report" option in "Analysis and Synthesis Settings -> More Settings" to "Off".


+-------------------------------+
; Analysis & Synthesis Messages ;
+-------------------------------+
Info: *******************************************************************
Info: Running Quartus II Analysis & Synthesis
    Info: Version 9.1 Build 350 03/24/2010 Service Pack 2 SJ Web Edition
    Info: Processing started: Mon Nov 24 22:25:46 2025
Info: Command: quartus_map --read_settings_files=on --write_settings_files=off last_tetris -c last_tetris
Warning (10229): Verilog HDL Expression warning at last_tetris.v(120): truncated literal to match 2 bits
Warning (10229): Verilog HDL Expression warning at last_tetris.v(130): truncated literal to match 2 bits
Warning (10229): Verilog HDL Expression warning at last_tetris.v(139): truncated literal to match 2 bits
Warning (10229): Verilog HDL Expression warning at last_tetris.v(148): truncated literal to match 2 bits
Warning (10229): Verilog HDL Expression warning at last_tetris.v(194): truncated literal to match 2 bits
Warning (10229): Verilog HDL Expression warning at last_tetris.v(204): truncated literal to match 2 bits
Warning (10229): Verilog HDL Expression warning at last_tetris.v(213): truncated literal to match 2 bits
Warning (10229): Verilog HDL Expression warning at last_tetris.v(222): truncated literal to match 2 bits
Warning (10229): Verilog HDL Expression warning at last_tetris.v(270): truncated literal to match 2 bits
Warning (10229): Verilog HDL Expression warning at last_tetris.v(280): truncated literal to match 2 bits
Warning (10229): Verilog HDL Expression warning at last_tetris.v(289): truncated literal to match 2 bits
Warning (10229): Verilog HDL Expression warning at last_tetris.v(298): truncated literal to match 2 bits
Warning (10229): Verilog HDL Expression warning at last_tetris.v(344): truncated literal to match 2 bits
Warning (10229): Verilog HDL Expression warning at last_tetris.v(354): truncated literal to match 2 bits
Warning (10229): Verilog HDL Expression warning at last_tetris.v(363): truncated literal to match 2 bits
Warning (10229): Verilog HDL Expression warning at last_tetris.v(372): truncated literal to match 2 bits
Info: Found 1 design units, including 1 entities, in source file last_tetris.v
    Info: Found entity 1: last_tetris
Info: Elaborating entity "last_tetris" for the top level hierarchy
Warning (10036): Verilog HDL or VHDL warning at last_tetris.v(12): object "buffer" assigned a value but never read
Warning (10230): Verilog HDL assignment warning at last_tetris.v(29): truncated value with size 32 to match size of target (26)
Warning (10230): Verilog HDL assignment warning at last_tetris.v(55): truncated value with size 32 to match size of target (2)
Info (10264): Verilog HDL Case Statement information at last_tetris.v(385): all case item expressions in this case statement are onehot
Info: Timing-Driven Synthesis is running
Info: 4 registers lost all their fanouts during netlist optimizations. The first 4 are displayed below.
    Info: Register "now~15" lost all its fanouts during netlist optimizations.
    Info: Register "now~16" lost all its fanouts during netlist optimizations.
    Info: Register "now~17" lost all its fanouts during netlist optimizations.
    Info: Register "now~18" lost all its fanouts during netlist optimizations.
Info: Generated suppressed messages file Z:/! 計畫_實踐 DSL1112遊戲專案 NAS_1119/SW+B/CS255B-3 俄羅斯方塊/Final Project - 俄羅斯方塊/last_tetris/last_tetris/last_tetris/last_tetris.map.smsg
Info: Implemented 1360 device resources after synthesis - the final resource count might be different
    Info: Implemented 6 input pins
    Info: Implemented 32 output pins
    Info: Implemented 1322 logic cells
Info: Quartus II Analysis & Synthesis was successful. 0 errors, 19 warnings
    Info: Peak virtual memory: 242 megabytes
    Info: Processing ended: Mon Nov 24 22:27:29 2025
    Info: Elapsed time: 00:01:43
    Info: Total CPU time (on all processors): 00:00:26


+------------------------------------------+
; Analysis & Synthesis Suppressed Messages ;
+------------------------------------------+
The suppressed messages can be found in Z:/! 計畫_實踐 DSL1112遊戲專案 NAS_1119/SW+B/CS255B-3 俄羅斯方塊/Final Project - 俄羅斯方塊/last_tetris/last_tetris/last_tetris/last_tetris.map.smsg.


