Flow report for final
Tue Nov 25 01:34:07 2025
Quartus II Version 9.1 Build 350 03/24/2010 Service Pack 2 SJ Web Edition


---------------------
; Table of Contents ;
---------------------
  1. Legal Notice
  2. Flow Summary
  3. Flow Settings
  4. Flow Non-Default Global Settings
  5. Flow Elapsed Time
  6. Flow OS Summary
  7. Flow Log



----------------
; Legal Notice ;
----------------
Copyright (C) 1991-2010 Altera Corporation
Your use of Altera Corporation's design tools, logic functions 
and other software and tools, and its AMPP partner logic 
functions, and any output files from any of the foregoing 
(including device programming or simulation files), and any 
associated documentation or information are expressly subject 
to the terms and conditions of the Altera Program License 
Subscription Agreement, Altera MegaCore Function License 
Agreement, or other applicable license agreement, including, 
without limitation, that your use is for the sole purpose of 
programming logic devices manufactured by Altera and sold by 
Altera or its authorized distributors.  Please refer to the 
applicable agreement for further details.



+-----------------------------------------------------------------------------------+
; Flow Summary                                                                      ;
+------------------------------------+----------------------------------------------+
; Flow Status                        ; Successful - Tue Nov 25 01:34:06 2025        ;
; Quartus II Version                 ; 9.1 Build 350 03/24/2010 SP 2 SJ Web Edition ;
; Revision Name                      ; final                                        ;
; Top-level Entity Name              ; final                                        ;
; Family                             ; Cyclone III                                  ;
; Device                             ; EP3C16F484C6                                 ;
; Timing Models                      ; Final                                        ;
; Met timing requirements            ; N/A                                          ;
; Total logic elements               ; 2,246 / 15,408 ( 15 % )                      ;
;     Total combinational functions  ; 2,246 / 15,408 ( 15 % )                      ;
;     Dedicated logic registers      ; 226 / 15,408 ( 1 % )                         ;
; Total registers                    ; 226                                          ;
; Total pins                         ; 21 / 347 ( 6 % )                             ;
; Total virtual pins                 ; 0                                            ;
; Total memory bits                  ; 0 / 516,096 ( 0 % )                          ;
; Embedded Multiplier 9-bit elements ; 0 / 112 ( 0 % )                              ;
; Total PLLs                         ; 1 / 4 ( 25 % )                               ;
+------------------------------------+----------------------------------------------+


+-----------------------------------------+
; Flow Settings                           ;
+-------------------+---------------------+
; Option            ; Setting             ;
+-------------------+---------------------+
; Start date & time ; 11/25/2025 01:22:52 ;
; Main task         ; Compilation         ;
; Revision Name     ; final               ;
+-------------------+---------------------+


+----------------------------------------------------------------------------------------------------------------------------------+
; Flow Non-Default Global Settings                                                                                                 ;
+------------------------------------+----------------------------------------------+---------------+-------------+----------------+
; Assignment Name                    ; Value                                        ; Default Value ; Entity Name ; Section Id     ;
+------------------------------------+----------------------------------------------+---------------+-------------+----------------+
; COMPILER_SIGNATURE_ID              ; 5415283221420.176400496815528                ; --            ; --          ; --             ;
; EDA_OUTPUT_DATA_FORMAT             ; Verilog Hdl                                  ; --            ; --          ; eda_simulation ;
; EDA_SIMULATION_TOOL                ; ModelSim-Altera (Verilog)                    ; <None>        ; --          ; --             ;
; EDA_TIME_SCALE                     ; 1 ps                                         ; --            ; --          ; eda_simulation ;
; IP_TOOL_NAME                       ; ALTPLL                                       ; --            ; --          ; --             ;
; IP_TOOL_VERSION                    ; 10.1                                         ; --            ; --          ; --             ;
; MAX_CORE_JUNCTION_TEMP             ; 85                                           ; --            ; --          ; --             ;
; MIN_CORE_JUNCTION_TEMP             ; 0                                            ; --            ; --          ; --             ;
; MISC_FILE                          ; c:/altera/91sp2/quartus/final/final.dpf      ; --            ; --          ; --             ;
; MISC_FILE                          ; VgaPll_bb.v                                  ; --            ; --          ; --             ;
; MISC_FILE                          ; VgaPll.ppf                                   ; --            ; --          ; --             ;
; MISC_FILE                          ; C:/altera/91sp2/quartus/final/final.dpf      ; --            ; --          ; --             ;
; MISC_FILE                          ; C:/final/final.dpf                           ; --            ; --          ; --             ;
; MISC_FILE                          ; C:/Users/lkk25/OneDrive/орн▒/final/final.dpf ; --            ; --          ; --             ;
; NOMINAL_CORE_SUPPLY_VOLTAGE        ; 1.2V                                         ; --            ; --          ; --             ;
; PARTITION_COLOR                    ; 16764057                                     ; --            ; --          ; Top            ;
; PARTITION_NETLIST_TYPE             ; SOURCE                                       ; --            ; --          ; Top            ;
; USE_GENERATED_PHYSICAL_CONSTRAINTS ; Off                                          ; --            ; --          ; eda_blast_fpga ;
+------------------------------------+----------------------------------------------+---------------+-------------+----------------+


+-------------------------------------------------------------------------------------------------------------------------------+
; Flow Elapsed Time                                                                                                             ;
+---------------------------+--------------+-------------------------+---------------------+------------------------------------+
; Module Name               ; Elapsed Time ; Average Processors Used ; Peak Virtual Memory ; Total CPU Time (on all processors) ;
+---------------------------+--------------+-------------------------+---------------------+------------------------------------+
; Analysis & Synthesis      ; 00:01:20     ; 1.0                     ; 244 MB              ; 00:00:13                           ;
; Fitter                    ; 00:00:34     ; 1.0                     ; 311 MB              ; 00:00:07                           ;
; TimeQuest Timing Analyzer ; 00:02:37     ; 1.0                     ; 253 MB              ; 00:00:05                           ;
; Assembler                 ; 00:00:46     ; 1.0                     ; 242 MB              ; 00:00:01                           ;
; EDA Netlist Writer        ; 00:03:27     ; 1.0                     ; 214 MB              ; 00:00:21                           ;
; Total                     ; 00:07:58     ; --                      ; --                  ; 00:00:46                           ;
+---------------------------+--------------+-------------------------+---------------------+------------------------------------+


+--------------------------------------------------------------------------------------------+
; Flow OS Summary                                                                            ;
+---------------------------+------------------+---------------+------------+----------------+
; Module Name               ; Machine Hostname ; OS Name       ; OS Version ; Processor type ;
+---------------------------+------------------+---------------+------------+----------------+
; Analysis & Synthesis      ; dududu           ; Windows Vista ; 6.2        ; x86_64         ;
; Fitter                    ; dududu           ; Windows Vista ; 6.2        ; x86_64         ;
; Assembler                 ; dududu           ; Windows Vista ; 6.2        ; x86_64         ;
; TimeQuest Timing Analyzer ; dududu           ; Windows Vista ; 6.2        ; x86_64         ;
; EDA Netlist Writer        ; dududu           ; Windows Vista ; 6.2        ; x86_64         ;
+---------------------------+------------------+---------------+------------+----------------+


------------
; Flow Log ;
------------
quartus_map --read_settings_files=on --write_settings_files=off final -c final
quartus_fit --read_settings_files=off --write_settings_files=off final -c final
quartus_asm --read_settings_files=off --write_settings_files=off final -c final
quartus_sta final -c final
quartus_eda --read_settings_files=off --write_settings_files=off final -c final



