Flow report for song
Tue Nov 25 09:23:44 2025
Quartus II Version 9.1 Build 350 03/24/2010 Service Pack 2 SJ Web Edition


---------------------
; Table of Contents ;
---------------------
  1. Legal Notice
  2. Flow Summary
  3. Flow Settings
  4. Flow Non-Default Global Settings
  5. Flow Elapsed Time
  6. Flow OS Summary
  7. Flow Log



----------------
; Legal Notice ;
----------------
Copyright (C) 1991-2010 Altera Corporation
Your use of Altera Corporation's design tools, logic functions 
and other software and tools, and its AMPP partner logic 
functions, and any output files from any of the foregoing 
(including device programming or simulation files), and any 
associated documentation or information are expressly subject 
to the terms and conditions of the Altera Program License 
Subscription Agreement, Altera MegaCore Function License 
Agreement, or other applicable license agreement, including, 
without limitation, that your use is for the sole purpose of 
programming logic devices manufactured by Altera and sold by 
Altera or its authorized distributors.  Please refer to the 
applicable agreement for further details.



+-----------------------------------------------------------------------------------+
; Flow Summary                                                                      ;
+------------------------------------+----------------------------------------------+
; Flow Status                        ; Successful - Tue Nov 25 09:23:43 2025        ;
; Quartus II Version                 ; 9.1 Build 350 03/24/2010 SP 2 SJ Web Edition ;
; Revision Name                      ; song                                         ;
; Top-level Entity Name              ; song                                         ;
; Family                             ; Cyclone III                                  ;
; Device                             ; EP3C16F484C6                                 ;
; Timing Models                      ; Final                                        ;
; Met timing requirements            ; N/A                                          ;
; Total logic elements               ; 145 / 15,408 ( < 1 % )                       ;
;     Total combinational functions  ; 145 / 15,408 ( < 1 % )                       ;
;     Dedicated logic registers      ; 60 / 15,408 ( < 1 % )                        ;
; Total registers                    ; 60                                           ;
; Total pins                         ; 2 / 347 ( < 1 % )                            ;
; Total virtual pins                 ; 0                                            ;
; Total memory bits                  ; 1,536 / 516,096 ( < 1 % )                    ;
; Embedded Multiplier 9-bit elements ; 0 / 112 ( 0 % )                              ;
; Total PLLs                         ; 0 / 4 ( 0 % )                                ;
+------------------------------------+----------------------------------------------+


+-----------------------------------------+
; Flow Settings                           ;
+-------------------+---------------------+
; Option            ; Setting             ;
+-------------------+---------------------+
; Start date & time ; 11/25/2025 09:16:40 ;
; Main task         ; Compilation         ;
; Revision Name     ; song                ;
+-------------------+---------------------+


+-------------------------------------------------------------------------------------------------------------------+
; Flow Non-Default Global Settings                                                                                  ;
+------------------------------------+-------------------------------+---------------+-------------+----------------+
; Assignment Name                    ; Value                         ; Default Value ; Entity Name ; Section Id     ;
+------------------------------------+-------------------------------+---------------+-------------+----------------+
; COMPILER_SIGNATURE_ID              ; 5415283221420.176403339721836 ; --            ; --          ; --             ;
; EDA_OUTPUT_DATA_FORMAT             ; Verilog Hdl                   ; --            ; --          ; eda_simulation ;
; EDA_SIMULATION_TOOL                ; ModelSim-Altera (Verilog)     ; <None>        ; --          ; --             ;
; EDA_TIME_SCALE                     ; 1 ps                          ; --            ; --          ; eda_simulation ;
; MAX_CORE_JUNCTION_TEMP             ; 85                            ; --            ; --          ; --             ;
; MIN_CORE_JUNCTION_TEMP             ; 0                             ; --            ; --          ; --             ;
; NOMINAL_CORE_SUPPLY_VOLTAGE        ; 1.2V                          ; --            ; --          ; --             ;
; PARTITION_COLOR                    ; 16764057                      ; --            ; --          ; Top            ;
; PARTITION_NETLIST_TYPE             ; SOURCE                        ; --            ; --          ; Top            ;
; USE_GENERATED_PHYSICAL_CONSTRAINTS ; Off                           ; --            ; --          ; eda_blast_fpga ;
+------------------------------------+-------------------------------+---------------+-------------+----------------+


+-------------------------------------------------------------------------------------------------------------------------------+
; Flow Elapsed Time                                                                                                             ;
+---------------------------+--------------+-------------------------+---------------------+------------------------------------+
; Module Name               ; Elapsed Time ; Average Processors Used ; Peak Virtual Memory ; Total CPU Time (on all processors) ;
+---------------------------+--------------+-------------------------+---------------------+------------------------------------+
; Analysis & Synthesis      ; 00:00:49     ; 1.0                     ; 233 MB              ; 00:00:06                           ;
; Fitter                    ; 00:00:30     ; 1.0                     ; 299 MB              ; 00:00:05                           ;
; TimeQuest Timing Analyzer ; 00:02:19     ; 1.0                     ; 264 MB              ; 00:00:03                           ;
; Assembler                 ; 00:00:53     ; 1.0                     ; 241 MB              ; 00:00:01                           ;
; EDA Netlist Writer        ; 00:00:41     ; 1.0                     ; 196 MB              ; 00:00:05                           ;
; Total                     ; 00:04:19     ; --                      ; --                  ; 00:00:19                           ;
+---------------------------+--------------+-------------------------+---------------------+------------------------------------+


+--------------------------------------------------------------------------------------------+
; Flow OS Summary                                                                            ;
+---------------------------+------------------+---------------+------------+----------------+
; Module Name               ; Machine Hostname ; OS Name       ; OS Version ; Processor type ;
+---------------------------+------------------+---------------+------------+----------------+
; Analysis & Synthesis      ; dududu           ; Windows Vista ; 6.2        ; x86_64         ;
; Fitter                    ; dududu           ; Windows Vista ; 6.2        ; x86_64         ;
; Assembler                 ; dududu           ; Windows Vista ; 6.2        ; x86_64         ;
; TimeQuest Timing Analyzer ; dududu           ; Windows Vista ; 6.2        ; x86_64         ;
; EDA Netlist Writer        ; dududu           ; Windows Vista ; 6.2        ; x86_64         ;
+---------------------------+------------------+---------------+------------+----------------+


------------
; Flow Log ;
------------
quartus_map --read_settings_files=on --write_settings_files=off song -c song
quartus_fit --read_settings_files=off --write_settings_files=off song -c song
quartus_asm --read_settings_files=off --write_settings_files=off song -c song
quartus_sta song -c song
quartus_eda --read_settings_files=off --write_settings_files=off song -c song



