Analysis & Synthesis report for pwm_buzzer
Tue Nov 25 00:52:13 2025
Quartus II Version 9.1 Build 350 03/24/2010 Service Pack 2 SJ Web Edition


---------------------
; Table of Contents ;
---------------------
  1. Legal Notice
  2. Analysis & Synthesis Summary
  3. Analysis & Synthesis Settings
  4. Parallel Compilation
  5. Analysis & Synthesis Source Files Read
  6. Analysis & Synthesis Resource Usage Summary
  7. Analysis & Synthesis Resource Utilization by Entity
  8. User-Specified and Inferred Latches
  9. Registers Removed During Synthesis
 10. General Register Statistics
 11. Inverted Register Statistics
 12. Multiplexer Restructuring Statistics (Restructuring Performed)
 13. Parameter Settings for User Entity Instance: key_debounce:u_key_debounce
 14. Parameter Settings for Inferred Entity Instance: lpm_divide:Div0
 15. Analysis & Synthesis Messages



----------------
; Legal Notice ;
----------------
Copyright (C) 1991-2010 Altera Corporation
Your use of Altera Corporation's design tools, logic functions 
and other software and tools, and its AMPP partner logic 
functions, and any output files from any of the foregoing 
(including device programming or simulation files), and any 
associated documentation or information are expressly subject 
to the terms and conditions of the Altera Program License 
Subscription Agreement, Altera MegaCore Function License 
Agreement, or other applicable license agreement, including, 
without limitation, that your use is for the sole purpose of 
programming logic devices manufactured by Altera and sold by 
Altera or its authorized distributors.  Please refer to the 
applicable agreement for further details.



+-----------------------------------------------------------------------------------+
; Analysis & Synthesis Summary                                                      ;
+------------------------------------+----------------------------------------------+
; Analysis & Synthesis Status        ; Successful - Tue Nov 25 00:52:10 2025        ;
; Quartus II Version                 ; 9.1 Build 350 03/24/2010 SP 2 SJ Web Edition ;
; Revision Name                      ; pwm_buzzer                                   ;
; Top-level Entity Name              ; pwm_buzzer                                   ;
; Family                             ; Cyclone III                                  ;
; Total logic elements               ; 420                                          ;
;     Total combinational functions  ; 418                                          ;
;     Dedicated logic registers      ; 61                                           ;
; Total registers                    ; 61                                           ;
; Total pins                         ; 11                                           ;
; Total virtual pins                 ; 0                                            ;
; Total memory bits                  ; 0                                            ;
; Embedded Multiplier 9-bit elements ; 0                                            ;
; Total PLLs                         ; 0                                            ;
+------------------------------------+----------------------------------------------+


+----------------------------------------------------------------------------------------------------------------------+
; Analysis & Synthesis Settings                                                                                        ;
+----------------------------------------------------------------------------+--------------------+--------------------+
; Option                                                                     ; Setting            ; Default Value      ;
+----------------------------------------------------------------------------+--------------------+--------------------+
; Device                                                                     ; EP3C16F484C6       ;                    ;
; Top-level entity name                                                      ; pwm_buzzer         ; pwm_buzzer         ;
; Family name                                                                ; Cyclone III        ; Stratix II         ;
; Use Generated Physical Constraints File                                    ; Off                ;                    ;
; Use smart compilation                                                      ; Off                ; Off                ;
; Enable parallel Assembler and TimeQuest Timing Analyzer during compilation ; On                 ; On                 ;
; Enable compact report table                                                ; Off                ; Off                ;
; Restructure Multiplexers                                                   ; Auto               ; Auto               ;
; Create Debugging Nodes for IP Cores                                        ; Off                ; Off                ;
; Preserve fewer node names                                                  ; On                 ; On                 ;
; Disable OpenCore Plus hardware evaluation                                  ; Off                ; Off                ;
; Verilog Version                                                            ; Verilog_2001       ; Verilog_2001       ;
; VHDL Version                                                               ; VHDL_1993          ; VHDL_1993          ;
; State Machine Processing                                                   ; Auto               ; Auto               ;
; Safe State Machine                                                         ; Off                ; Off                ;
; Extract Verilog State Machines                                             ; On                 ; On                 ;
; Extract VHDL State Machines                                                ; On                 ; On                 ;
; Ignore Verilog initial constructs                                          ; Off                ; Off                ;
; Iteration limit for constant Verilog loops                                 ; 5000               ; 5000               ;
; Iteration limit for non-constant Verilog loops                             ; 250                ; 250                ;
; Add Pass-Through Logic to Inferred RAMs                                    ; On                 ; On                 ;
; Parallel Synthesis                                                         ; On                 ; On                 ;
; DSP Block Balancing                                                        ; Auto               ; Auto               ;
; NOT Gate Push-Back                                                         ; On                 ; On                 ;
; Power-Up Don't Care                                                        ; On                 ; On                 ;
; Remove Redundant Logic Cells                                               ; Off                ; Off                ;
; Remove Duplicate Registers                                                 ; On                 ; On                 ;
; Ignore CARRY Buffers                                                       ; Off                ; Off                ;
; Ignore CASCADE Buffers                                                     ; Off                ; Off                ;
; Ignore GLOBAL Buffers                                                      ; Off                ; Off                ;
; Ignore ROW GLOBAL Buffers                                                  ; Off                ; Off                ;
; Ignore LCELL Buffers                                                       ; Off                ; Off                ;
; Ignore SOFT Buffers                                                        ; On                 ; On                 ;
; Limit AHDL Integers to 32 Bits                                             ; Off                ; Off                ;
; Optimization Technique                                                     ; Balanced           ; Balanced           ;
; Carry Chain Length                                                         ; 70                 ; 70                 ;
; Auto Carry Chains                                                          ; On                 ; On                 ;
; Auto Open-Drain Pins                                                       ; On                 ; On                 ;
; Perform WYSIWYG Primitive Resynthesis                                      ; Off                ; Off                ;
; Auto ROM Replacement                                                       ; On                 ; On                 ;
; Auto RAM Replacement                                                       ; On                 ; On                 ;
; Auto DSP Block Replacement                                                 ; On                 ; On                 ;
; Auto Shift Register Replacement                                            ; Auto               ; Auto               ;
; Auto Clock Enable Replacement                                              ; On                 ; On                 ;
; Strict RAM Replacement                                                     ; Off                ; Off                ;
; Allow Synchronous Control Signals                                          ; On                 ; On                 ;
; Force Use of Synchronous Clear Signals                                     ; Off                ; Off                ;
; Auto RAM Block Balancing                                                   ; On                 ; On                 ;
; Auto RAM to Logic Cell Conversion                                          ; Off                ; Off                ;
; Auto Resource Sharing                                                      ; Off                ; Off                ;
; Allow Any RAM Size For Recognition                                         ; Off                ; Off                ;
; Allow Any ROM Size For Recognition                                         ; Off                ; Off                ;
; Allow Any Shift Register Size For Recognition                              ; Off                ; Off                ;
; Use LogicLock Constraints during Resource Balancing                        ; On                 ; On                 ;
; Ignore translate_off and synthesis_off directives                          ; Off                ; Off                ;
; Timing-Driven Synthesis                                                    ; On                 ; On                 ;
; Show Parameter Settings Tables in Synthesis Report                         ; On                 ; On                 ;
; Ignore Maximum Fan-Out Assignments                                         ; Off                ; Off                ;
; Synchronization Register Chain Length                                      ; 2                  ; 2                  ;
; PowerPlay Power Optimization                                               ; Normal compilation ; Normal compilation ;
; HDL message level                                                          ; Level2             ; Level2             ;
; Suppress Register Optimization Related Messages                            ; Off                ; Off                ;
; Number of Removed Registers Reported in Synthesis Report                   ; 5000               ; 5000               ;
; Number of Inverted Registers Reported in Synthesis Report                  ; 100                ; 100                ;
; Clock MUX Protection                                                       ; On                 ; On                 ;
; Auto Gated Clock Conversion                                                ; Off                ; Off                ;
; Block Design Naming                                                        ; Auto               ; Auto               ;
; SDC constraint protection                                                  ; Off                ; Off                ;
; Synthesis Effort                                                           ; Auto               ; Auto               ;
; Shift Register Replacement - Allow Asynchronous Clear Signal               ; On                 ; On                 ;
; Analysis & Synthesis Message Level                                         ; Medium             ; Medium             ;
; Disable Register Merging Across Hierarchies                                ; Auto               ; Auto               ;
; Resource Aware Inference For Block RAM                                     ; On                 ; On                 ;
+----------------------------------------------------------------------------+--------------------+--------------------+


Parallel compilation was disabled, but you have multiple processors available. Enable parallel compilation to reduce compilation time.
+-------------------------------------+
; Parallel Compilation                ;
+----------------------------+--------+
; Processors                 ; Number ;
+----------------------------+--------+
; Number detected on machine ; 10     ;
; Maximum allowed            ; 1      ;
+----------------------------+--------+


+----------------------------------------------------------------------------------------------------------------------------------------------------------------------------------------------+
; Analysis & Synthesis Source Files Read                                                                                                                                                       ;
+----------------------------------+-----------------+------------------------------+----------------------------------------------------------------------------------------------------------+
; File Name with User-Entered Path ; Used in Netlist ; File Type                    ; File Name with Absolute Path                                                                             ;
+----------------------------------+-----------------+------------------------------+----------------------------------------------------------------------------------------------------------+
; pwm_buzzer.v                     ; yes             ; User Verilog HDL File        ; Z:/! 計畫_實踐 DSL1112遊戲專案 NAS_1119/音樂撥放/CS255B-9 音樂撥放/pwm_buzzer/pwm_buzzer.v               ;
; lpm_divide.tdf                   ; yes             ; Megafunction                 ; c:/altera/91sp2/quartus/libraries/megafunctions/lpm_divide.tdf                                           ;
; db/lpm_divide_lhm.tdf            ; yes             ; Auto-Generated Megafunction  ; Z:/! 計畫_實踐 DSL1112遊戲專案 NAS_1119/音樂撥放/CS255B-9 音樂撥放/pwm_buzzer/db/lpm_divide_lhm.tdf      ;
; db/sign_div_unsign_mlh.tdf       ; yes             ; Auto-Generated Megafunction  ; Z:/! 計畫_實踐 DSL1112遊戲專案 NAS_1119/音樂撥放/CS255B-9 音樂撥放/pwm_buzzer/db/sign_div_unsign_mlh.tdf ;
; db/alt_u_div_n5f.tdf             ; yes             ; Auto-Generated Megafunction  ; Z:/! 計畫_實踐 DSL1112遊戲專案 NAS_1119/音樂撥放/CS255B-9 音樂撥放/pwm_buzzer/db/alt_u_div_n5f.tdf       ;
; db/add_sub_unc.tdf               ; yes             ; Auto-Generated Megafunction  ; Z:/! 計畫_實踐 DSL1112遊戲專案 NAS_1119/音樂撥放/CS255B-9 音樂撥放/pwm_buzzer/db/add_sub_unc.tdf         ;
; db/add_sub_vnc.tdf               ; yes             ; Auto-Generated Megafunction  ; Z:/! 計畫_實踐 DSL1112遊戲專案 NAS_1119/音樂撥放/CS255B-9 音樂撥放/pwm_buzzer/db/add_sub_vnc.tdf         ;
+----------------------------------+-----------------+------------------------------+----------------------------------------------------------------------------------------------------------+


+---------------------------------------------------------+
; Analysis & Synthesis Resource Usage Summary             ;
+---------------------------------------------+-----------+
; Resource                                    ; Usage     ;
+---------------------------------------------+-----------+
; Estimated Total logic elements              ; 420       ;
;                                             ;           ;
; Total combinational functions               ; 418       ;
; Logic element usage by number of LUT inputs ;           ;
;     -- 4 input functions                    ; 172       ;
;     -- 3 input functions                    ; 110       ;
;     -- <=2 input functions                  ; 136       ;
;                                             ;           ;
; Logic elements by mode                      ;           ;
;     -- normal mode                          ; 294       ;
;     -- arithmetic mode                      ; 124       ;
;                                             ;           ;
; Total registers                             ; 61        ;
;     -- Dedicated logic registers            ; 61        ;
;     -- I/O registers                        ; 0         ;
;                                             ;           ;
; I/O pins                                    ; 11        ;
; Maximum fan-out node                        ; clk~input ;
; Maximum fan-out                             ; 61        ;
; Total fan-out                               ; 1536      ;
; Average fan-out                             ; 3.07      ;
+---------------------------------------------+-----------+


+---------------------------------------------------------------------------------------------------------------------------------------------------------------------------------------------------------------------------------------------------------------------------------+
; Analysis & Synthesis Resource Utilization by Entity                                                                                                                                                                                                                             ;
+----------------------------------------+-------------------+--------------+-------------+--------------+---------+-----------+------+--------------+-------------------------------------------------------------------------------------------------------------+--------------+
; Compilation Hierarchy Node             ; LC Combinationals ; LC Registers ; Memory Bits ; DSP Elements ; DSP 9x9 ; DSP 18x18 ; Pins ; Virtual Pins ; Full Hierarchy Name                                                                                         ; Library Name ;
+----------------------------------------+-------------------+--------------+-------------+--------------+---------+-----------+------+--------------+-------------------------------------------------------------------------------------------------------------+--------------+
; |pwm_buzzer                            ; 418 (294)         ; 61 (37)      ; 0           ; 0            ; 0       ; 0         ; 11   ; 0            ; |pwm_buzzer                                                                                                 ; work         ;
;    |key_debounce:u_key_debounce|       ; 37 (37)           ; 24 (24)      ; 0           ; 0            ; 0       ; 0         ; 0    ; 0            ; |pwm_buzzer|key_debounce:u_key_debounce                                                                     ;              ;
;    |lpm_divide:Div0|                   ; 87 (0)            ; 0 (0)        ; 0           ; 0            ; 0       ; 0         ; 0    ; 0            ; |pwm_buzzer|lpm_divide:Div0                                                                                 ;              ;
;       |lpm_divide_lhm:auto_generated|  ; 87 (0)            ; 0 (0)        ; 0           ; 0            ; 0       ; 0         ; 0    ; 0            ; |pwm_buzzer|lpm_divide:Div0|lpm_divide_lhm:auto_generated                                                   ;              ;
;          |sign_div_unsign_mlh:divider| ; 87 (0)            ; 0 (0)        ; 0           ; 0            ; 0       ; 0         ; 0    ; 0            ; |pwm_buzzer|lpm_divide:Div0|lpm_divide_lhm:auto_generated|sign_div_unsign_mlh:divider                       ;              ;
;             |alt_u_div_n5f:divider|    ; 87 (87)           ; 0 (0)        ; 0           ; 0            ; 0       ; 0         ; 0    ; 0            ; |pwm_buzzer|lpm_divide:Div0|lpm_divide_lhm:auto_generated|sign_div_unsign_mlh:divider|alt_u_div_n5f:divider ;              ;
+----------------------------------------+-------------------+--------------+-------------+--------------+---------+-----------+------+--------------+-------------------------------------------------------------------------------------------------------------+--------------+
Note: For table entries with two numbers listed, the numbers in parentheses indicate the number of resources of the given type used by the specific entity alone. The numbers listed outside of parentheses indicate the total resources of the given type used by the specific entity and all of its sub-entities in the hierarchy.


+----------------------------------------------------------------------------------------------------+
; User-Specified and Inferred Latches                                                                ;
+-----------------------------------------------------+---------------------+------------------------+
; Latch Name                                          ; Latch Enable Signal ; Free of Timing Hazards ;
+-----------------------------------------------------+---------------------+------------------------+
; pre_set[16]                                         ; pre_set[16]         ; yes                    ;
; pre_set[15]                                         ; pre_set[16]         ; yes                    ;
; pre_set[14]                                         ; pre_set[16]         ; yes                    ;
; pre_set[13]                                         ; pre_set[16]         ; yes                    ;
; pre_set[12]                                         ; pre_set[16]         ; yes                    ;
; pre_set[11]                                         ; pre_set[16]         ; yes                    ;
; pre_set[10]                                         ; pre_set[16]         ; yes                    ;
; pre_set[9]                                          ; pre_set[16]         ; yes                    ;
; pre_set[8]                                          ; pre_set[16]         ; yes                    ;
; pre_set[7]                                          ; pre_set[16]         ; yes                    ;
; pre_set[6]                                          ; pre_set[16]         ; yes                    ;
; pre_set[5]                                          ; pre_set[16]         ; yes                    ;
; pre_set[4]                                          ; pre_set[16]         ; yes                    ;
; pre_set[3]                                          ; pre_set[16]         ; yes                    ;
; pre_set[2]                                          ; pre_set[16]         ; yes                    ;
; pre_set[1]                                          ; pre_set[16]         ; yes                    ;
; cishu[0]                                            ; WideNor0            ; yes                    ;
; cishu[1]                                            ; WideNor0            ; yes                    ;
; cishu[2]                                            ; WideNor0            ; yes                    ;
; cishu[3]                                            ; WideNor0            ; yes                    ;
; cishu[4]                                            ; WideNor0            ; yes                    ;
; cishu[5]                                            ; WideNor0            ; yes                    ;
; cishu[6]                                            ; WideNor0            ; yes                    ;
; cishu[7]                                            ; WideNor0            ; yes                    ;
; cishu[8]                                            ; WideNor0            ; yes                    ;
; Number of user-specified and inferred latches = 25  ;                     ;                        ;
+-----------------------------------------------------+---------------------+------------------------+
Note: All latches listed above may not be present at the end of synthesis due to various synthesis optimizations.


+--------------------------------------------------------------------------------+
; Registers Removed During Synthesis                                             ;
+---------------------------------------+----------------------------------------+
; Register name                         ; Reason for Removal                     ;
+---------------------------------------+----------------------------------------+
; YINFU[5]                              ; Stuck at VCC due to stuck port data_in ;
; YINFU[3]                              ; Stuck at GND due to stuck port data_in ;
; YINFU[0..2]                           ; Merged with YINFU[4]                   ;
; Total Number of Removed Registers = 5 ;                                        ;
+---------------------------------------+----------------------------------------+


+------------------------------------------------------+
; General Register Statistics                          ;
+----------------------------------------------+-------+
; Statistic                                    ; Value ;
+----------------------------------------------+-------+
; Total registers                              ; 61    ;
; Number of registers using Synchronous Clear  ; 34    ;
; Number of registers using Synchronous Load   ; 0     ;
; Number of registers using Asynchronous Clear ; 61    ;
; Number of registers using Asynchronous Load  ; 0     ;
; Number of registers using Clock Enable       ; 37    ;
; Number of registers using Preset             ; 0     ;
+----------------------------------------------+-------+


+--------------------------------------------------+
; Inverted Register Statistics                     ;
+----------------------------------------+---------+
; Inverted Register                      ; Fan out ;
+----------------------------------------+---------+
; buzzer~reg0                            ; 1       ;
; YINFU[4]                               ; 1       ;
; key_debounce:u_key_debounce|key_r0     ; 3       ;
; key_debounce:u_key_debounce|key_r1     ; 1       ;
; Total number of inverted registers = 4 ;         ;
+----------------------------------------+---------+


+------------------------------------------------------------------------------------------------------------------------------------------+
; Multiplexer Restructuring Statistics (Restructuring Performed)                                                                           ;
+--------------------+-----------+---------------+----------------------+------------------------+------------+----------------------------+
; Multiplexer Inputs ; Bus Width ; Baseline Area ; Area if Restructured ; Saving if Restructured ; Registered ; Example Multiplexer Output ;
+--------------------+-----------+---------------+----------------------+------------------------+------------+----------------------------+
; 3:1                ; 17 bits   ; 34 LEs        ; 17 LEs               ; 17 LEs                 ; Yes        ; |pwm_buzzer|cnt0[1]        ;
; 4:1                ; 11 bits   ; 22 LEs        ; 11 LEs               ; 11 LEs                 ; Yes        ; |pwm_buzzer|cnt1[1]        ;
; 4:1                ; 6 bits    ; 12 LEs        ; 6 LEs                ; 6 LEs                  ; Yes        ; |pwm_buzzer|cnt2[5]        ;
; 3:1                ; 2 bits    ; 4 LEs         ; 4 LEs                ; 0 LEs                  ; No         ; |pwm_buzzer|led            ;
; 4:1                ; 2 bits    ; 4 LEs         ; 2 LEs                ; 2 LEs                  ; No         ; |pwm_buzzer|led            ;
+--------------------+-----------+---------------+----------------------+------------------------+------------+----------------------------+


+--------------------------------------------------------------------------+
; Parameter Settings for User Entity Instance: key_debounce:u_key_debounce ;
+----------------+---------+-----------------------------------------------+
; Parameter Name ; Value   ; Type                                          ;
+----------------+---------+-----------------------------------------------+
; DELAY_TIME     ; 1000000 ; Signed Integer                                ;
+----------------+---------+-----------------------------------------------+
Note: In order to hide this table in the UI and the text report file, please set the "Show Parameter Settings Tables in Synthesis Report" option in "Analysis and Synthesis Settings -> More Settings" to "Off".


+------------------------------------------------------------------+
; Parameter Settings for Inferred Entity Instance: lpm_divide:Div0 ;
+------------------------+----------------+------------------------+
; Parameter Name         ; Value          ; Type                   ;
+------------------------+----------------+------------------------+
; LPM_WIDTHN             ; 13             ; Untyped                ;
; LPM_WIDTHD             ; 3              ; Untyped                ;
; LPM_NREPRESENTATION    ; UNSIGNED       ; Untyped                ;
; LPM_DREPRESENTATION    ; UNSIGNED       ; Untyped                ;
; LPM_PIPELINE           ; 0              ; Untyped                ;
; LPM_REMAINDERPOSITIVE  ; TRUE           ; Untyped                ;
; MAXIMIZE_SPEED         ; 5              ; Untyped                ;
; CBXI_PARAMETER         ; lpm_divide_lhm ; Untyped                ;
; CARRY_CHAIN            ; MANUAL         ; Untyped                ;
; OPTIMIZE_FOR_SPEED     ; 5              ; Untyped                ;
; AUTO_CARRY_CHAINS      ; ON             ; AUTO_CARRY             ;
; IGNORE_CARRY_BUFFERS   ; OFF            ; IGNORE_CARRY           ;
; AUTO_CASCADE_CHAINS    ; ON             ; AUTO_CASCADE           ;
; IGNORE_CASCADE_BUFFERS ; OFF            ; IGNORE_CASCADE         ;
+------------------------+----------------+------------------------+
Note: In order to hide this table in the UI and the text report file, please set the "Show Parameter Settings Tables in Synthesis Report" option in "Analysis and Synthesis Settings -> More Settings" to "Off".


+-------------------------------+
; Analysis & Synthesis Messages ;
+-------------------------------+
Info: *******************************************************************
Info: Running Quartus II Analysis & Synthesis
    Info: Version 9.1 Build 350 03/24/2010 Service Pack 2 SJ Web Edition
    Info: Processing started: Tue Nov 25 00:50:58 2025
Info: Command: quartus_map --read_settings_files=on --write_settings_files=off pwm_buzzer -c pwm_buzzer
Info: Found 2 design units, including 2 entities, in source file pwm_buzzer.v
    Info: Found entity 1: key_debounce
    Info: Found entity 2: pwm_buzzer
Info: Elaborating entity "pwm_buzzer" for the top level hierarchy
Warning (10230): Verilog HDL assignment warning at pwm_buzzer.v(140): truncated value with size 32 to match size of target (17)
Warning (10230): Verilog HDL assignment warning at pwm_buzzer.v(159): truncated value with size 32 to match size of target (11)
Warning (10230): Verilog HDL assignment warning at pwm_buzzer.v(179): truncated value with size 32 to match size of target (6)
Warning (10270): Verilog HDL Case Statement warning at pwm_buzzer.v(186): incomplete case statement has no default case item
Warning (10240): Verilog HDL Always Construct warning at pwm_buzzer.v(186): inferring latch(es) for variable "cishu", which holds its previous value in one or more paths through the always construct
Warning (10230): Verilog HDL assignment warning at pwm_buzzer.v(202): truncated value with size 32 to match size of target (17)
Warning (10230): Verilog HDL assignment warning at pwm_buzzer.v(203): truncated value with size 32 to match size of target (17)
Warning (10230): Verilog HDL assignment warning at pwm_buzzer.v(204): truncated value with size 32 to match size of target (17)
Warning (10230): Verilog HDL assignment warning at pwm_buzzer.v(205): truncated value with size 32 to match size of target (17)
Warning (10230): Verilog HDL assignment warning at pwm_buzzer.v(206): truncated value with size 32 to match size of target (17)
Warning (10230): Verilog HDL assignment warning at pwm_buzzer.v(207): truncated value with size 32 to match size of target (17)
Warning (10230): Verilog HDL assignment warning at pwm_buzzer.v(208): truncated value with size 32 to match size of target (17)
Warning (10230): Verilog HDL assignment warning at pwm_buzzer.v(209): truncated value with size 32 to match size of target (17)
Warning (10230): Verilog HDL assignment warning at pwm_buzzer.v(210): truncated value with size 32 to match size of target (17)
Warning (10230): Verilog HDL assignment warning at pwm_buzzer.v(211): truncated value with size 32 to match size of target (17)
Warning (10230): Verilog HDL assignment warning at pwm_buzzer.v(212): truncated value with size 32 to match size of target (17)
Warning (10230): Verilog HDL assignment warning at pwm_buzzer.v(213): truncated value with size 32 to match size of target (17)
Warning (10230): Verilog HDL assignment warning at pwm_buzzer.v(214): truncated value with size 32 to match size of target (17)
Warning (10230): Verilog HDL assignment warning at pwm_buzzer.v(215): truncated value with size 32 to match size of target (17)
Warning (10230): Verilog HDL assignment warning at pwm_buzzer.v(216): truncated value with size 32 to match size of target (17)
Warning (10230): Verilog HDL assignment warning at pwm_buzzer.v(217): truncated value with size 32 to match size of target (17)
Warning (10230): Verilog HDL assignment warning at pwm_buzzer.v(219): truncated value with size 32 to match size of target (17)
Warning (10230): Verilog HDL assignment warning at pwm_buzzer.v(220): truncated value with size 32 to match size of target (17)
Warning (10230): Verilog HDL assignment warning at pwm_buzzer.v(221): truncated value with size 32 to match size of target (17)
Warning (10230): Verilog HDL assignment warning at pwm_buzzer.v(222): truncated value with size 32 to match size of target (17)
Warning (10230): Verilog HDL assignment warning at pwm_buzzer.v(223): truncated value with size 32 to match size of target (17)
Warning (10230): Verilog HDL assignment warning at pwm_buzzer.v(224): truncated value with size 32 to match size of target (17)
Warning (10230): Verilog HDL assignment warning at pwm_buzzer.v(225): truncated value with size 32 to match size of target (17)
Warning (10230): Verilog HDL assignment warning at pwm_buzzer.v(226): truncated value with size 32 to match size of target (17)
Warning (10230): Verilog HDL assignment warning at pwm_buzzer.v(227): truncated value with size 32 to match size of target (17)
Warning (10230): Verilog HDL assignment warning at pwm_buzzer.v(228): truncated value with size 32 to match size of target (17)
Warning (10230): Verilog HDL assignment warning at pwm_buzzer.v(229): truncated value with size 32 to match size of target (17)
Warning (10230): Verilog HDL assignment warning at pwm_buzzer.v(230): truncated value with size 32 to match size of target (17)
Warning (10230): Verilog HDL assignment warning at pwm_buzzer.v(231): truncated value with size 32 to match size of target (17)
Warning (10230): Verilog HDL assignment warning at pwm_buzzer.v(232): truncated value with size 32 to match size of target (17)
Warning (10230): Verilog HDL assignment warning at pwm_buzzer.v(233): truncated value with size 32 to match size of target (17)
Warning (10230): Verilog HDL assignment warning at pwm_buzzer.v(234): truncated value with size 32 to match size of target (17)
Warning (10230): Verilog HDL assignment warning at pwm_buzzer.v(236): truncated value with size 32 to match size of target (17)
Warning (10230): Verilog HDL assignment warning at pwm_buzzer.v(237): truncated value with size 32 to match size of target (17)
Warning (10230): Verilog HDL assignment warning at pwm_buzzer.v(238): truncated value with size 32 to match size of target (17)
Warning (10230): Verilog HDL assignment warning at pwm_buzzer.v(239): truncated value with size 32 to match size of target (17)
Warning (10230): Verilog HDL assignment warning at pwm_buzzer.v(240): truncated value with size 32 to match size of target (17)
Warning (10230): Verilog HDL assignment warning at pwm_buzzer.v(241): truncated value with size 32 to match size of target (17)
Warning (10230): Verilog HDL assignment warning at pwm_buzzer.v(242): truncated value with size 32 to match size of target (17)
Warning (10230): Verilog HDL assignment warning at pwm_buzzer.v(243): truncated value with size 32 to match size of target (17)
Warning (10230): Verilog HDL assignment warning at pwm_buzzer.v(244): truncated value with size 32 to match size of target (17)
Warning (10230): Verilog HDL assignment warning at pwm_buzzer.v(245): truncated value with size 32 to match size of target (17)
Warning (10230): Verilog HDL assignment warning at pwm_buzzer.v(246): truncated value with size 32 to match size of target (17)
Warning (10230): Verilog HDL assignment warning at pwm_buzzer.v(247): truncated value with size 32 to match size of target (17)
Warning (10230): Verilog HDL assignment warning at pwm_buzzer.v(248): truncated value with size 32 to match size of target (17)
Warning (10230): Verilog HDL assignment warning at pwm_buzzer.v(249): truncated value with size 32 to match size of target (17)
Warning (10230): Verilog HDL assignment warning at pwm_buzzer.v(250): truncated value with size 32 to match size of target (17)
Warning (10230): Verilog HDL assignment warning at pwm_buzzer.v(251): truncated value with size 32 to match size of target (17)
Warning (10270): Verilog HDL Case Statement warning at pwm_buzzer.v(201): incomplete case statement has no default case item
Warning (10230): Verilog HDL assignment warning at pwm_buzzer.v(257): truncated value with size 32 to match size of target (17)
Warning (10230): Verilog HDL assignment warning at pwm_buzzer.v(258): truncated value with size 32 to match size of target (17)
Warning (10230): Verilog HDL assignment warning at pwm_buzzer.v(259): truncated value with size 32 to match size of target (17)
Warning (10230): Verilog HDL assignment warning at pwm_buzzer.v(260): truncated value with size 32 to match size of target (17)
Warning (10230): Verilog HDL assignment warning at pwm_buzzer.v(261): truncated value with size 32 to match size of target (17)
Warning (10230): Verilog HDL assignment warning at pwm_buzzer.v(262): truncated value with size 32 to match size of target (17)
Warning (10230): Verilog HDL assignment warning at pwm_buzzer.v(263): truncated value with size 32 to match size of target (17)
Warning (10230): Verilog HDL assignment warning at pwm_buzzer.v(264): truncated value with size 32 to match size of target (17)
Warning (10230): Verilog HDL assignment warning at pwm_buzzer.v(265): truncated value with size 32 to match size of target (17)
Warning (10230): Verilog HDL assignment warning at pwm_buzzer.v(267): truncated value with size 32 to match size of target (17)
Warning (10230): Verilog HDL assignment warning at pwm_buzzer.v(268): truncated value with size 32 to match size of target (17)
Warning (10230): Verilog HDL assignment warning at pwm_buzzer.v(269): truncated value with size 32 to match size of target (17)
Warning (10230): Verilog HDL assignment warning at pwm_buzzer.v(270): truncated value with size 32 to match size of target (17)
Warning (10230): Verilog HDL assignment warning at pwm_buzzer.v(272): truncated value with size 32 to match size of target (17)
Warning (10230): Verilog HDL assignment warning at pwm_buzzer.v(273): truncated value with size 32 to match size of target (17)
Warning (10230): Verilog HDL assignment warning at pwm_buzzer.v(274): truncated value with size 32 to match size of target (17)
Warning (10230): Verilog HDL assignment warning at pwm_buzzer.v(275): truncated value with size 32 to match size of target (17)
Warning (10230): Verilog HDL assignment warning at pwm_buzzer.v(277): truncated value with size 32 to match size of target (17)
Warning (10230): Verilog HDL assignment warning at pwm_buzzer.v(278): truncated value with size 32 to match size of target (17)
Warning (10230): Verilog HDL assignment warning at pwm_buzzer.v(279): truncated value with size 32 to match size of target (17)
Warning (10230): Verilog HDL assignment warning at pwm_buzzer.v(280): truncated value with size 32 to match size of target (17)
Warning (10230): Verilog HDL assignment warning at pwm_buzzer.v(281): truncated value with size 32 to match size of target (17)
Warning (10230): Verilog HDL assignment warning at pwm_buzzer.v(282): truncated value with size 32 to match size of target (17)
Warning (10230): Verilog HDL assignment warning at pwm_buzzer.v(283): truncated value with size 32 to match size of target (17)
Warning (10230): Verilog HDL assignment warning at pwm_buzzer.v(285): truncated value with size 32 to match size of target (17)
Warning (10230): Verilog HDL assignment warning at pwm_buzzer.v(286): truncated value with size 32 to match size of target (17)
Warning (10230): Verilog HDL assignment warning at pwm_buzzer.v(287): truncated value with size 32 to match size of target (17)
Warning (10230): Verilog HDL assignment warning at pwm_buzzer.v(288): truncated value with size 32 to match size of target (17)
Warning (10230): Verilog HDL assignment warning at pwm_buzzer.v(289): truncated value with size 32 to match size of target (17)
Warning (10230): Verilog HDL assignment warning at pwm_buzzer.v(290): truncated value with size 32 to match size of target (17)
Warning (10230): Verilog HDL assignment warning at pwm_buzzer.v(291): truncated value with size 32 to match size of target (17)
Warning (10230): Verilog HDL assignment warning at pwm_buzzer.v(293): truncated value with size 32 to match size of target (17)
Warning (10230): Verilog HDL assignment warning at pwm_buzzer.v(294): truncated value with size 32 to match size of target (17)
Warning (10230): Verilog HDL assignment warning at pwm_buzzer.v(295): truncated value with size 32 to match size of target (17)
Warning (10230): Verilog HDL assignment warning at pwm_buzzer.v(296): truncated value with size 32 to match size of target (17)
Warning (10230): Verilog HDL assignment warning at pwm_buzzer.v(298): truncated value with size 32 to match size of target (17)
Warning (10230): Verilog HDL assignment warning at pwm_buzzer.v(299): truncated value with size 32 to match size of target (17)
Warning (10230): Verilog HDL assignment warning at pwm_buzzer.v(300): truncated value with size 32 to match size of target (17)
Warning (10230): Verilog HDL assignment warning at pwm_buzzer.v(301): truncated value with size 32 to match size of target (17)
Warning (10270): Verilog HDL Case Statement warning at pwm_buzzer.v(256): incomplete case statement has no default case item
Warning (10240): Verilog HDL Always Construct warning at pwm_buzzer.v(200): inferring latch(es) for variable "pre_set", which holds its previous value in one or more paths through the always construct
Warning (10230): Verilog HDL assignment warning at pwm_buzzer.v(339): truncated value with size 32 to match size of target (11)
Info (10041): Inferred latch for "pre_set[0]" at pwm_buzzer.v(256)
Info (10041): Inferred latch for "pre_set[1]" at pwm_buzzer.v(256)
Info (10041): Inferred latch for "pre_set[2]" at pwm_buzzer.v(256)
Info (10041): Inferred latch for "pre_set[3]" at pwm_buzzer.v(256)
Info (10041): Inferred latch for "pre_set[4]" at pwm_buzzer.v(256)
Info (10041): Inferred latch for "pre_set[5]" at pwm_buzzer.v(256)
Info (10041): Inferred latch for "pre_set[6]" at pwm_buzzer.v(256)
Info (10041): Inferred latch for "pre_set[7]" at pwm_buzzer.v(256)
Info (10041): Inferred latch for "pre_set[8]" at pwm_buzzer.v(256)
Info (10041): Inferred latch for "pre_set[9]" at pwm_buzzer.v(256)
Info (10041): Inferred latch for "pre_set[10]" at pwm_buzzer.v(256)
Info (10041): Inferred latch for "pre_set[11]" at pwm_buzzer.v(256)
Info (10041): Inferred latch for "pre_set[12]" at pwm_buzzer.v(256)
Info (10041): Inferred latch for "pre_set[13]" at pwm_buzzer.v(256)
Info (10041): Inferred latch for "pre_set[14]" at pwm_buzzer.v(256)
Info (10041): Inferred latch for "pre_set[15]" at pwm_buzzer.v(256)
Info (10041): Inferred latch for "pre_set[16]" at pwm_buzzer.v(256)
Info (10041): Inferred latch for "cishu[0]" at pwm_buzzer.v(186)
Info (10041): Inferred latch for "cishu[1]" at pwm_buzzer.v(186)
Info (10041): Inferred latch for "cishu[2]" at pwm_buzzer.v(186)
Info (10041): Inferred latch for "cishu[3]" at pwm_buzzer.v(186)
Info (10041): Inferred latch for "cishu[4]" at pwm_buzzer.v(186)
Info (10041): Inferred latch for "cishu[5]" at pwm_buzzer.v(186)
Info (10041): Inferred latch for "cishu[6]" at pwm_buzzer.v(186)
Info (10041): Inferred latch for "cishu[7]" at pwm_buzzer.v(186)
Info (10041): Inferred latch for "cishu[8]" at pwm_buzzer.v(186)
Info (10041): Inferred latch for "cishu[9]" at pwm_buzzer.v(186)
Info (10041): Inferred latch for "cishu[10]" at pwm_buzzer.v(186)
Info: Elaborating entity "key_debounce" for hierarchy "key_debounce:u_key_debounce"
Warning (10230): Verilog HDL assignment warning at pwm_buzzer.v(35): truncated value with size 32 to match size of target (20)
Info: Inferred 1 megafunctions from design logic
    Info: Inferred divider/modulo megafunction ("lpm_divide") from the following logic: "Div0"
Info: Elaborated megafunction instantiation "lpm_divide:Div0"
Info: Instantiated megafunction "lpm_divide:Div0" with the following parameter:
    Info: Parameter "LPM_WIDTHN" = "13"
    Info: Parameter "LPM_WIDTHD" = "3"
    Info: Parameter "LPM_NREPRESENTATION" = "UNSIGNED"
    Info: Parameter "LPM_DREPRESENTATION" = "UNSIGNED"
Info: Found 1 design units, including 1 entities, in source file db/lpm_divide_lhm.tdf
    Info: Found entity 1: lpm_divide_lhm
Info: Found 1 design units, including 1 entities, in source file db/sign_div_unsign_mlh.tdf
    Info: Found entity 1: sign_div_unsign_mlh
Info: Found 1 design units, including 1 entities, in source file db/alt_u_div_n5f.tdf
    Info: Found entity 1: alt_u_div_n5f
Info: Found 1 design units, including 1 entities, in source file db/add_sub_unc.tdf
    Info: Found entity 1: add_sub_unc
Info: Found 1 design units, including 1 entities, in source file db/add_sub_vnc.tdf
    Info: Found entity 1: add_sub_vnc
Warning: Latch pre_set[16] has unsafe behavior
    Warning: Ports D and ENA on the latch are fed by the same signal cnt2[5]
Warning: Latch pre_set[15] has unsafe behavior
    Warning: Ports D and ENA on the latch are fed by the same signal cnt2[5]
Warning: Latch pre_set[14] has unsafe behavior
    Warning: Ports D and ENA on the latch are fed by the same signal cnt2[5]
Warning: Latch pre_set[13] has unsafe behavior
    Warning: Ports D and ENA on the latch are fed by the same signal flag
Warning: Latch pre_set[12] has unsafe behavior
    Warning: Ports D and ENA on the latch are fed by the same signal cnt2[5]
Warning: Latch pre_set[11] has unsafe behavior
    Warning: Ports D and ENA on the latch are fed by the same signal cnt2[5]
Warning: Latch pre_set[10] has unsafe behavior
    Warning: Ports D and ENA on the latch are fed by the same signal cnt2[5]
Warning: Latch pre_set[9] has unsafe behavior
    Warning: Ports D and ENA on the latch are fed by the same signal flag
Warning: Latch pre_set[8] has unsafe behavior
    Warning: Ports D and ENA on the latch are fed by the same signal flag
Warning: Latch pre_set[7] has unsafe behavior
    Warning: Ports D and ENA on the latch are fed by the same signal flag
Warning: Latch pre_set[6] has unsafe behavior
    Warning: Ports D and ENA on the latch are fed by the same signal cnt2[5]
Warning: Latch pre_set[5] has unsafe behavior
    Warning: Ports D and ENA on the latch are fed by the same signal flag
Warning: Latch pre_set[4] has unsafe behavior
    Warning: Ports D and ENA on the latch are fed by the same signal cnt2[5]
Warning: Latch pre_set[3] has unsafe behavior
    Warning: Ports D and ENA on the latch are fed by the same signal flag
Warning: Latch pre_set[2] has unsafe behavior
    Warning: Ports D and ENA on the latch are fed by the same signal cnt2[5]
Warning: Latch pre_set[1] has unsafe behavior
    Warning: Ports D and ENA on the latch are fed by the same signal flag
Warning: Latch cishu[8] has unsafe behavior
    Warning: Ports D and ENA on the latch are fed by the same signal pre_set[16]
Warning: Latch cishu[7] has unsafe behavior
    Warning: Ports D and ENA on the latch are fed by the same signal pre_set[16]
Warning: Latch cishu[6] has unsafe behavior
    Warning: Ports D and ENA on the latch are fed by the same signal pre_set[16]
Warning: Latch cishu[5] has unsafe behavior
    Warning: Ports D and ENA on the latch are fed by the same signal pre_set[16]
Warning: Latch cishu[4] has unsafe behavior
    Warning: Ports D and ENA on the latch are fed by the same signal pre_set[16]
Warning: Latch cishu[3] has unsafe behavior
    Warning: Ports D and ENA on the latch are fed by the same signal pre_set[16]
Warning: Latch cishu[2] has unsafe behavior
    Warning: Ports D and ENA on the latch are fed by the same signal pre_set[16]
Warning: Latch cishu[1] has unsafe behavior
    Warning: Ports D and ENA on the latch are fed by the same signal pre_set[16]
Warning: Latch cishu[0] has unsafe behavior
    Warning: Ports D and ENA on the latch are fed by the same signal pre_set[16]
Info: Registers with preset signals will power-up high
Info: DEV_CLRn pin will set, and not reset, register with preset signal due to NOT Gate Push-Back
Info: Timing-Driven Synthesis is running
Info: Implemented 431 device resources after synthesis - the final resource count might be different
    Info: Implemented 3 input pins
    Info: Implemented 8 output pins
    Info: Implemented 420 logic cells
Info: Quartus II Analysis & Synthesis was successful. 0 errors, 147 warnings
    Info: Peak virtual memory: 235 megabytes
    Info: Processing ended: Tue Nov 25 00:52:15 2025
    Info: Elapsed time: 00:01:17
    Info: Total CPU time (on all processors): 00:00:09


