EDA Netlist Writer report for FinalProject
Mon Nov 24 20:47:30 2025
Quartus II Version 9.1 Build 350 03/24/2010 Service Pack 2 SJ Web Edition


---------------------
; Table of Contents ;
---------------------
  1. Legal Notice
  2. EDA Netlist Writer Summary
  3. Simulation Settings
  4. Simulation Generated Files
  5. EDA Netlist Writer Messages



----------------
; Legal Notice ;
----------------
Copyright (C) 1991-2010 Altera Corporation
Your use of Altera Corporation's design tools, logic functions 
and other software and tools, and its AMPP partner logic 
functions, and any output files from any of the foregoing 
(including device programming or simulation files), and any 
associated documentation or information are expressly subject 
to the terms and conditions of the Altera Program License 
Subscription Agreement, Altera MegaCore Function License 
Agreement, or other applicable license agreement, including, 
without limitation, that your use is for the sole purpose of 
programming logic devices manufactured by Altera and sold by 
Altera or its authorized distributors.  Please refer to the 
applicable agreement for further details.



+-------------------------------------------------------------------+
; EDA Netlist Writer Summary                                        ;
+---------------------------+---------------------------------------+
; EDA Netlist Writer Status ; Successful - Mon Nov 24 20:47:30 2025 ;
; Revision Name             ; FinalProject                          ;
; Top-level Entity Name     ; FinalProject                          ;
; Family                    ; Cyclone III                           ;
; Simulation Files Creation ; Successful                            ;
+---------------------------+---------------------------------------+


+-------------------------------------------------------------------------------------------------------------------------------+
; Simulation Settings                                                                                                           ;
+---------------------------------------------------------------------------------------------------+---------------------------+
; Option                                                                                            ; Setting                   ;
+---------------------------------------------------------------------------------------------------+---------------------------+
; Tool Name                                                                                         ; ModelSim-Altera (Verilog) ;
; Generate netlist for functional simulation only                                                   ; Off                       ;
; Time scale                                                                                        ; 1 ps                      ;
; Truncate long hierarchy paths                                                                     ; Off                       ;
; Map illegal HDL characters                                                                        ; Off                       ;
; Flatten buses into individual nodes                                                               ; Off                       ;
; Maintain hierarchy                                                                                ; Off                       ;
; Bring out device-wide set/reset signals as ports                                                  ; Off                       ;
; Enable glitch filtering                                                                           ; Off                       ;
; Do not write top level VHDL entity                                                                ; Off                       ;
; Disable detection of setup and hold time violations in the input registers of bi-directional pins ; Off                       ;
; Architecture name in VHDL output netlist                                                          ; structure                 ;
; Generate third-party EDA tool command script for RTL functional simulation                        ; Off                       ;
; Generate third-party EDA tool command script for gate-level simulation                            ; Off                       ;
+---------------------------------------------------------------------------------------------------+---------------------------+


+-------------------------------------------------------------------------------------------------------------------------------------------------------------------+
; Simulation Generated Files                                                                                                                                        ;
+-------------------------------------------------------------------------------------------------------------------------------------------------------------------+
; Generated Files                                                                                                                                                   ;
+-------------------------------------------------------------------------------------------------------------------------------------------------------------------+
; Z:/! 計畫_實踐 DSL1112遊戲專案 NAS_1119/SW+B+VGA_乒乓球Pong game+SNAKE+射擊/CS255B-1 SNAKE/FinalProject/simulation/modelsim/FinalProject_6_1200mv_85c_slow.vo     ;
; Z:/! 計畫_實踐 DSL1112遊戲專案 NAS_1119/SW+B+VGA_乒乓球Pong game+SNAKE+射擊/CS255B-1 SNAKE/FinalProject/simulation/modelsim/FinalProject_6_1200mv_0c_slow.vo      ;
; Z:/! 計畫_實踐 DSL1112遊戲專案 NAS_1119/SW+B+VGA_乒乓球Pong game+SNAKE+射擊/CS255B-1 SNAKE/FinalProject/simulation/modelsim/FinalProject_min_1200mv_0c_fast.vo    ;
; Z:/! 計畫_實踐 DSL1112遊戲專案 NAS_1119/SW+B+VGA_乒乓球Pong game+SNAKE+射擊/CS255B-1 SNAKE/FinalProject/simulation/modelsim/FinalProject.vo                       ;
; Z:/! 計畫_實踐 DSL1112遊戲專案 NAS_1119/SW+B+VGA_乒乓球Pong game+SNAKE+射擊/CS255B-1 SNAKE/FinalProject/simulation/modelsim/FinalProject_6_1200mv_85c_v_slow.sdo  ;
; Z:/! 計畫_實踐 DSL1112遊戲專案 NAS_1119/SW+B+VGA_乒乓球Pong game+SNAKE+射擊/CS255B-1 SNAKE/FinalProject/simulation/modelsim/FinalProject_6_1200mv_0c_v_slow.sdo   ;
; Z:/! 計畫_實踐 DSL1112遊戲專案 NAS_1119/SW+B+VGA_乒乓球Pong game+SNAKE+射擊/CS255B-1 SNAKE/FinalProject/simulation/modelsim/FinalProject_min_1200mv_0c_v_fast.sdo ;
; Z:/! 計畫_實踐 DSL1112遊戲專案 NAS_1119/SW+B+VGA_乒乓球Pong game+SNAKE+射擊/CS255B-1 SNAKE/FinalProject/simulation/modelsim/FinalProject_v.sdo                    ;
+-------------------------------------------------------------------------------------------------------------------------------------------------------------------+


+-----------------------------+
; EDA Netlist Writer Messages ;
+-----------------------------+


