Flow report for count
Mon Nov 24 17:30:13 2025
Quartus II Version 9.1 Build 350 03/24/2010 Service Pack 2 SJ Web Edition


---------------------
; Table of Contents ;
---------------------
  1. Legal Notice
  2. Flow Summary
  3. Flow Settings
  4. Flow Non-Default Global Settings
  5. Flow Elapsed Time
  6. Flow OS Summary
  7. Flow Log



----------------
; Legal Notice ;
----------------
Copyright (C) 1991-2010 Altera Corporation
Your use of Altera Corporation's design tools, logic functions 
and other software and tools, and its AMPP partner logic 
functions, and any output files from any of the foregoing 
(including device programming or simulation files), and any 
associated documentation or information are expressly subject 
to the terms and conditions of the Altera Program License 
Subscription Agreement, Altera MegaCore Function License 
Agreement, or other applicable license agreement, including, 
without limitation, that your use is for the sole purpose of 
programming logic devices manufactured by Altera and sold by 
Altera or its authorized distributors.  Please refer to the 
applicable agreement for further details.



+-----------------------------------------------------------------------------------+
; Flow Summary                                                                      ;
+------------------------------------+----------------------------------------------+
; Flow Status                        ; Successful - Mon Nov 24 17:30:13 2025        ;
; Quartus II Version                 ; 9.1 Build 350 03/24/2010 SP 2 SJ Web Edition ;
; Revision Name                      ; count                                        ;
; Top-level Entity Name              ; count                                        ;
; Family                             ; Cyclone III                                  ;
; Device                             ; EP3C16F484C6                                 ;
; Timing Models                      ; Final                                        ;
; Met timing requirements            ; N/A                                          ;
; Total logic elements               ; 1,267 / 15,408 ( 8 % )                       ;
;     Total combinational functions  ; 1,265 / 15,408 ( 8 % )                       ;
;     Dedicated logic registers      ; 166 / 15,408 ( 1 % )                         ;
; Total registers                    ; 166                                          ;
; Total pins                         ; 45 / 347 ( 13 % )                            ;
; Total virtual pins                 ; 0                                            ;
; Total memory bits                  ; 0 / 516,096 ( 0 % )                          ;
; Embedded Multiplier 9-bit elements ; 0 / 112 ( 0 % )                              ;
; Total PLLs                         ; 0 / 4 ( 0 % )                                ;
+------------------------------------+----------------------------------------------+


+-----------------------------------------+
; Flow Settings                           ;
+-------------------+---------------------+
; Option            ; Setting             ;
+-------------------+---------------------+
; Start date & time ; 11/24/2025 17:26:37 ;
; Main task         ; Compilation         ;
; Revision Name     ; count               ;
+-------------------+---------------------+


+------------------------------------------------------------------------------------------------------------------------------------------------+
; Flow Non-Default Global Settings                                                                                                               ;
+------------------------------------+------------------------------------------------------------+---------------+-------------+----------------+
; Assignment Name                    ; Value                                                      ; Default Value ; Entity Name ; Section Id     ;
+------------------------------------+------------------------------------------------------------+---------------+-------------+----------------+
; COMPILER_SIGNATURE_ID              ; 207794409251945.176397639635960                            ; --            ; --          ; --             ;
; EDA_OUTPUT_DATA_FORMAT             ; Vhdl                                                       ; --            ; --          ; eda_simulation ;
; EDA_SIMULATION_TOOL                ; ModelSim-Altera (VHDL)                                     ; <None>        ; --          ; --             ;
; MAX_CORE_JUNCTION_TEMP             ; 85                                                         ; --            ; --          ; --             ;
; MIN_CORE_JUNCTION_TEMP             ; 0                                                          ; --            ; --          ; --             ;
; MISC_FILE                          ; C:/altera/91sp2/quartus/lab/count/count.dpf                ; --            ; --          ; --             ;
; MISC_FILE                          ; C:/Users/user/Desktop/school/1112_Mao/VHDL/count/count.dpf ; --            ; --          ; --             ;
; MISC_FILE                          ; C:/Users/Huan/Desktop/count/count.dpf                      ; --            ; --          ; --             ;
; NOMINAL_CORE_SUPPLY_VOLTAGE        ; 1.2V                                                       ; --            ; --          ; --             ;
; PARTITION_COLOR                    ; 16764057                                                   ; --            ; --          ; Top            ;
; PARTITION_NETLIST_TYPE             ; SOURCE                                                     ; --            ; --          ; Top            ;
; USE_GENERATED_PHYSICAL_CONSTRAINTS ; Off                                                        ; --            ; --          ; eda_blast_fpga ;
+------------------------------------+------------------------------------------------------------+---------------+-------------+----------------+


+-------------------------------------------------------------------------------------------------------------------------------+
; Flow Elapsed Time                                                                                                             ;
+---------------------------+--------------+-------------------------+---------------------+------------------------------------+
; Module Name               ; Elapsed Time ; Average Processors Used ; Peak Virtual Memory ; Total CPU Time (on all processors) ;
+---------------------------+--------------+-------------------------+---------------------+------------------------------------+
; Analysis & Synthesis      ; 00:00:27     ; 1.0                     ; 253 MB              ; 00:00:03                           ;
; Fitter                    ; 00:00:13     ; 1.0                     ; 313 MB              ; 00:00:04                           ;
; TimeQuest Timing Analyzer ; 00:00:52     ; 1.0                     ; 296 MB              ; 00:00:06                           ;
; Assembler                 ; 00:00:16     ; 1.0                     ; 244 MB              ; 00:00:01                           ;
; EDA Netlist Writer        ; 00:00:53     ; 1.0                     ; 204 MB              ; 00:00:04                           ;
; Total                     ; 00:02:25     ; --                      ; --                  ; 00:00:17                           ;
+---------------------------+--------------+-------------------------+---------------------+------------------------------------+


+--------------------------------------------------------------------------------------------+
; Flow OS Summary                                                                            ;
+---------------------------+------------------+---------------+------------+----------------+
; Module Name               ; Machine Hostname ; OS Name       ; OS Version ; Processor type ;
+---------------------------+------------------+---------------+------------+----------------+
; Analysis & Synthesis      ; LAPTOP-RETQ19QN  ; Windows Vista ; 6.2        ; x86_64         ;
; Fitter                    ; LAPTOP-RETQ19QN  ; Windows Vista ; 6.2        ; x86_64         ;
; Assembler                 ; LAPTOP-RETQ19QN  ; Windows Vista ; 6.2        ; x86_64         ;
; TimeQuest Timing Analyzer ; LAPTOP-RETQ19QN  ; Windows Vista ; 6.2        ; x86_64         ;
; EDA Netlist Writer        ; LAPTOP-RETQ19QN  ; Windows Vista ; 6.2        ; x86_64         ;
+---------------------------+------------------+---------------+------------+----------------+


------------
; Flow Log ;
------------
quartus_map --read_settings_files=on --write_settings_files=off count -c count
quartus_fit --read_settings_files=off --write_settings_files=off count -c count
quartus_asm --read_settings_files=off --write_settings_files=off count -c count
quartus_sta count -c count
quartus_eda --read_settings_files=off --write_settings_files=off count -c count



