Flow report for PongGame
Mon Nov 24 18:39:01 2025
Quartus II Version 9.1 Build 350 03/24/2010 Service Pack 2 SJ Web Edition


---------------------
; Table of Contents ;
---------------------
  1. Legal Notice
  2. Flow Summary
  3. Flow Settings
  4. Flow Non-Default Global Settings
  5. Flow Elapsed Time
  6. Flow OS Summary
  7. Flow Log



----------------
; Legal Notice ;
----------------
Copyright (C) 1991-2010 Altera Corporation
Your use of Altera Corporation's design tools, logic functions 
and other software and tools, and its AMPP partner logic 
functions, and any output files from any of the foregoing 
(including device programming or simulation files), and any 
associated documentation or information are expressly subject 
to the terms and conditions of the Altera Program License 
Subscription Agreement, Altera MegaCore Function License 
Agreement, or other applicable license agreement, including, 
without limitation, that your use is for the sole purpose of 
programming logic devices manufactured by Altera and sold by 
Altera or its authorized distributors.  Please refer to the 
applicable agreement for further details.



+-----------------------------------------------------------------------------------+
; Flow Summary                                                                      ;
+------------------------------------+----------------------------------------------+
; Flow Status                        ; Successful - Mon Nov 24 18:39:00 2025        ;
; Quartus II Version                 ; 9.1 Build 350 03/24/2010 SP 2 SJ Web Edition ;
; Revision Name                      ; PongGame                                     ;
; Top-level Entity Name              ; ball_display                                 ;
; Family                             ; Cyclone III                                  ;
; Device                             ; EP3C16F484C6                                 ;
; Timing Models                      ; Final                                        ;
; Met timing requirements            ; N/A                                          ;
; Total logic elements               ; 1,205 / 15,408 ( 8 % )                       ;
;     Total combinational functions  ; 1,117 / 15,408 ( 7 % )                       ;
;     Dedicated logic registers      ; 411 / 15,408 ( 3 % )                         ;
; Total registers                    ; 411                                          ;
; Total pins                         ; 29 / 347 ( 8 % )                             ;
; Total virtual pins                 ; 0                                            ;
; Total memory bits                  ; 12,288 / 516,096 ( 2 % )                     ;
; Embedded Multiplier 9-bit elements ; 12 / 112 ( 11 % )                            ;
; Total PLLs                         ; 1 / 4 ( 25 % )                               ;
+------------------------------------+----------------------------------------------+


+-----------------------------------------+
; Flow Settings                           ;
+-------------------+---------------------+
; Option            ; Setting             ;
+-------------------+---------------------+
; Start date & time ; 11/24/2025 18:35:12 ;
; Main task         ; Compilation         ;
; Revision Name     ; PongGame            ;
+-------------------+---------------------+


+----------------------------------------------------------------------------------------------------------------------------------+
; Flow Non-Default Global Settings                                                                                                 ;
+------------------------------------+---------------------------------------------+---------------+--------------+----------------+
; Assignment Name                    ; Value                                       ; Default Value ; Entity Name  ; Section Id     ;
+------------------------------------+---------------------------------------------+---------------+--------------+----------------+
; COMPILER_SIGNATURE_ID              ; 207794409251945.176398051143000             ; --            ; --           ; --             ;
; EDA_OUTPUT_DATA_FORMAT             ; Vhdl                                        ; --            ; --           ; eda_simulation ;
; EDA_SIMULATION_TOOL                ; ModelSim-Altera (VHDL)                      ; <None>        ; --           ; --             ;
; MAX_CORE_JUNCTION_TEMP             ; 85                                          ; --            ; --           ; --             ;
; MIN_CORE_JUNCTION_TEMP             ; 0                                           ; --            ; --           ; --             ;
; MISC_FILE                          ; D:/Pong Game/PongGame/PongGame.dpf          ; --            ; --           ; --             ;
; MISC_FILE                          ; C:/Users/user/Desktop/PongGame/PongGame.dpf ; --            ; --           ; --             ;
; NOMINAL_CORE_SUPPLY_VOLTAGE        ; 1.2V                                        ; --            ; --           ; --             ;
; PARTITION_COLOR                    ; 16764057                                    ; --            ; ball_display ; Top            ;
; PARTITION_NETLIST_TYPE             ; SOURCE                                      ; --            ; ball_display ; Top            ;
; TOP_LEVEL_ENTITY                   ; ball_display                                ; PongGame      ; --           ; --             ;
; USE_GENERATED_PHYSICAL_CONSTRAINTS ; Off                                         ; --            ; --           ; eda_blast_fpga ;
+------------------------------------+---------------------------------------------+---------------+--------------+----------------+


+-------------------------------------------------------------------------------------------------------------------------------+
; Flow Elapsed Time                                                                                                             ;
+---------------------------+--------------+-------------------------+---------------------+------------------------------------+
; Module Name               ; Elapsed Time ; Average Processors Used ; Peak Virtual Memory ; Total CPU Time (on all processors) ;
+---------------------------+--------------+-------------------------+---------------------+------------------------------------+
; Analysis & Synthesis      ; 00:00:29     ; 1.0                     ; 273 MB              ; 00:00:05                           ;
; Fitter                    ; 00:00:12     ; 1.0                     ; 309 MB              ; 00:00:04                           ;
; TimeQuest Timing Analyzer ; 00:00:52     ; 1.0                     ; 274 MB              ; 00:00:03                           ;
; Assembler                 ; 00:00:12     ; 1.0                     ; 244 MB              ; 00:00:01                           ;
; EDA Netlist Writer        ; 00:00:37     ; 1.0                     ; 210 MB              ; 00:00:05                           ;
; Total                     ; 00:02:10     ; --                      ; --                  ; 00:00:17                           ;
+---------------------------+--------------+-------------------------+---------------------+------------------------------------+


+--------------------------------------------------------------------------------------------+
; Flow OS Summary                                                                            ;
+---------------------------+------------------+---------------+------------+----------------+
; Module Name               ; Machine Hostname ; OS Name       ; OS Version ; Processor type ;
+---------------------------+------------------+---------------+------------+----------------+
; Analysis & Synthesis      ; LAPTOP-RETQ19QN  ; Windows Vista ; 6.2        ; x86_64         ;
; Fitter                    ; LAPTOP-RETQ19QN  ; Windows Vista ; 6.2        ; x86_64         ;
; Assembler                 ; LAPTOP-RETQ19QN  ; Windows Vista ; 6.2        ; x86_64         ;
; TimeQuest Timing Analyzer ; LAPTOP-RETQ19QN  ; Windows Vista ; 6.2        ; x86_64         ;
; EDA Netlist Writer        ; LAPTOP-RETQ19QN  ; Windows Vista ; 6.2        ; x86_64         ;
+---------------------------+------------------+---------------+------------+----------------+


------------
; Flow Log ;
------------
quartus_map --read_settings_files=on --write_settings_files=off PongGame -c PongGame
quartus_fit --read_settings_files=off --write_settings_files=off PongGame -c PongGame
quartus_asm --read_settings_files=off --write_settings_files=off PongGame -c PongGame
quartus_sta PongGame -c PongGame
quartus_eda --read_settings_files=off --write_settings_files=off PongGame -c PongGame



