EDA Netlist Writer report for PongGame
Mon Nov 24 18:39:00 2025
Quartus II Version 9.1 Build 350 03/24/2010 Service Pack 2 SJ Web Edition


---------------------
; Table of Contents ;
---------------------
  1. Legal Notice
  2. EDA Netlist Writer Summary
  3. Simulation Settings
  4. Simulation Generated Files
  5. EDA Netlist Writer Messages



----------------
; Legal Notice ;
----------------
Copyright (C) 1991-2010 Altera Corporation
Your use of Altera Corporation's design tools, logic functions 
and other software and tools, and its AMPP partner logic 
functions, and any output files from any of the foregoing 
(including device programming or simulation files), and any 
associated documentation or information are expressly subject 
to the terms and conditions of the Altera Program License 
Subscription Agreement, Altera MegaCore Function License 
Agreement, or other applicable license agreement, including, 
without limitation, that your use is for the sole purpose of 
programming logic devices manufactured by Altera and sold by 
Altera or its authorized distributors.  Please refer to the 
applicable agreement for further details.



+-------------------------------------------------------------------+
; EDA Netlist Writer Summary                                        ;
+---------------------------+---------------------------------------+
; EDA Netlist Writer Status ; Successful - Mon Nov 24 18:39:00 2025 ;
; Revision Name             ; PongGame                              ;
; Top-level Entity Name     ; ball_display                          ;
; Family                    ; Cyclone III                           ;
; Simulation Files Creation ; Successful                            ;
+---------------------------+---------------------------------------+


+----------------------------------------------------------------------------------------------------------------------------+
; Simulation Settings                                                                                                        ;
+---------------------------------------------------------------------------------------------------+------------------------+
; Option                                                                                            ; Setting                ;
+---------------------------------------------------------------------------------------------------+------------------------+
; Tool Name                                                                                         ; ModelSim-Altera (VHDL) ;
; Generate netlist for functional simulation only                                                   ; Off                    ;
; Time scale                                                                                        ; 1 ps                   ;
; Truncate long hierarchy paths                                                                     ; Off                    ;
; Map illegal HDL characters                                                                        ; Off                    ;
; Flatten buses into individual nodes                                                               ; Off                    ;
; Maintain hierarchy                                                                                ; Off                    ;
; Bring out device-wide set/reset signals as ports                                                  ; Off                    ;
; Enable glitch filtering                                                                           ; Off                    ;
; Do not write top level VHDL entity                                                                ; Off                    ;
; Disable detection of setup and hold time violations in the input registers of bi-directional pins ; Off                    ;
; Architecture name in VHDL output netlist                                                          ; structure              ;
; Generate third-party EDA tool command script for RTL functional simulation                        ; Off                    ;
; Generate third-party EDA tool command script for gate-level simulation                            ; Off                    ;
+---------------------------------------------------------------------------------------------------+------------------------+


+----------------------------------------------------------------------------------------------------------------------------------------------------------------------------------+
; Simulation Generated Files                                                                                                                                                       ;
+----------------------------------------------------------------------------------------------------------------------------------------------------------------------------------+
; Generated Files                                                                                                                                                                  ;
+----------------------------------------------------------------------------------------------------------------------------------------------------------------------------------+
; Z:/! 計畫_實踐 DSL1112遊戲專案 NAS_1119/SW+B+VGA_乒乓球Pong game+SNAKE+射擊/CS255A-22_Pong game/FinalProject - Pong game/simulation/modelsim/PongGame_6_1200mv_85c_slow.vho      ;
; Z:/! 計畫_實踐 DSL1112遊戲專案 NAS_1119/SW+B+VGA_乒乓球Pong game+SNAKE+射擊/CS255A-22_Pong game/FinalProject - Pong game/simulation/modelsim/PongGame_6_1200mv_0c_slow.vho       ;
; Z:/! 計畫_實踐 DSL1112遊戲專案 NAS_1119/SW+B+VGA_乒乓球Pong game+SNAKE+射擊/CS255A-22_Pong game/FinalProject - Pong game/simulation/modelsim/PongGame_min_1200mv_0c_fast.vho     ;
; Z:/! 計畫_實踐 DSL1112遊戲專案 NAS_1119/SW+B+VGA_乒乓球Pong game+SNAKE+射擊/CS255A-22_Pong game/FinalProject - Pong game/simulation/modelsim/PongGame.vho                        ;
; Z:/! 計畫_實踐 DSL1112遊戲專案 NAS_1119/SW+B+VGA_乒乓球Pong game+SNAKE+射擊/CS255A-22_Pong game/FinalProject - Pong game/simulation/modelsim/PongGame_6_1200mv_85c_vhd_slow.sdo  ;
; Z:/! 計畫_實踐 DSL1112遊戲專案 NAS_1119/SW+B+VGA_乒乓球Pong game+SNAKE+射擊/CS255A-22_Pong game/FinalProject - Pong game/simulation/modelsim/PongGame_6_1200mv_0c_vhd_slow.sdo   ;
; Z:/! 計畫_實踐 DSL1112遊戲專案 NAS_1119/SW+B+VGA_乒乓球Pong game+SNAKE+射擊/CS255A-22_Pong game/FinalProject - Pong game/simulation/modelsim/PongGame_min_1200mv_0c_vhd_fast.sdo ;
; Z:/! 計畫_實踐 DSL1112遊戲專案 NAS_1119/SW+B+VGA_乒乓球Pong game+SNAKE+射擊/CS255A-22_Pong game/FinalProject - Pong game/simulation/modelsim/PongGame_vhd.sdo                    ;
+----------------------------------------------------------------------------------------------------------------------------------------------------------------------------------+


+-----------------------------+
; EDA Netlist Writer Messages ;
+-----------------------------+
Info: *******************************************************************
Info: Running Quartus II EDA Netlist Writer
    Info: Version 9.1 Build 350 03/24/2010 Service Pack 2 SJ Web Edition
    Info: Processing started: Mon Nov 24 18:38:23 2025
Info: Command: quartus_eda --read_settings_files=off --write_settings_files=off PongGame -c PongGame
Info: Generated simulation netlist will be non-hierarchical because the design has SignalTap II partitions, termination control logic and/or a design partition that contains bidirectional ports
Info: Generated file PongGame_6_1200mv_85c_slow.vho in folder "Z:/! 計畫_實踐 DSL1112遊戲專案 NAS_1119/SW+B+VGA_乒乓球Pong game+SNAKE+射擊/CS255A-22_Pong game/FinalProject - Pong game/simulation/modelsim/" for EDA simulation tool
Info: Generated file PongGame_6_1200mv_0c_slow.vho in folder "Z:/! 計畫_實踐 DSL1112遊戲專案 NAS_1119/SW+B+VGA_乒乓球Pong game+SNAKE+射擊/CS255A-22_Pong game/FinalProject - Pong game/simulation/modelsim/" for EDA simulation tool
Info: Generated file PongGame_min_1200mv_0c_fast.vho in folder "Z:/! 計畫_實踐 DSL1112遊戲專案 NAS_1119/SW+B+VGA_乒乓球Pong game+SNAKE+射擊/CS255A-22_Pong game/FinalProject - Pong game/simulation/modelsim/" for EDA simulation tool
Info: Generated file PongGame.vho in folder "Z:/! 計畫_實踐 DSL1112遊戲專案 NAS_1119/SW+B+VGA_乒乓球Pong game+SNAKE+射擊/CS255A-22_Pong game/FinalProject - Pong game/simulation/modelsim/" for EDA simulation tool
Info: Generated file PongGame_6_1200mv_85c_vhd_slow.sdo in folder "Z:/! 計畫_實踐 DSL1112遊戲專案 NAS_1119/SW+B+VGA_乒乓球Pong game+SNAKE+射擊/CS255A-22_Pong game/FinalProject - Pong game/simulation/modelsim/" for EDA simulation tool
Info: Generated file PongGame_6_1200mv_0c_vhd_slow.sdo in folder "Z:/! 計畫_實踐 DSL1112遊戲專案 NAS_1119/SW+B+VGA_乒乓球Pong game+SNAKE+射擊/CS255A-22_Pong game/FinalProject - Pong game/simulation/modelsim/" for EDA simulation tool
Info: Generated file PongGame_min_1200mv_0c_vhd_fast.sdo in folder "Z:/! 計畫_實踐 DSL1112遊戲專案 NAS_1119/SW+B+VGA_乒乓球Pong game+SNAKE+射擊/CS255A-22_Pong game/FinalProject - Pong game/simulation/modelsim/" for EDA simulation tool
Info: Generated file PongGame_vhd.sdo in folder "Z:/! 計畫_實踐 DSL1112遊戲專案 NAS_1119/SW+B+VGA_乒乓球Pong game+SNAKE+射擊/CS255A-22_Pong game/FinalProject - Pong game/simulation/modelsim/" for EDA simulation tool
Info: Quartus II EDA Netlist Writer was successful. 0 errors, 0 warnings
    Info: Peak virtual memory: 222 megabytes
    Info: Processing ended: Mon Nov 24 18:39:01 2025
    Info: Elapsed time: 00:00:38
    Info: Total CPU time (on all processors): 00:00:06


