Analysis & Synthesis report for ttt
Mon Nov 24 18:04:02 2025
Quartus II Version 9.1 Build 350 03/24/2010 Service Pack 2 SJ Web Edition


---------------------
; Table of Contents ;
---------------------
  1. Legal Notice
  2. Analysis & Synthesis Summary
  3. Analysis & Synthesis Settings
  4. Parallel Compilation
  5. Analysis & Synthesis Source Files Read
  6. Analysis & Synthesis Resource Usage Summary
  7. Analysis & Synthesis Resource Utilization by Entity
  8. Registers Removed During Synthesis
  9. General Register Statistics
 10. Inverted Register Statistics
 11. Multiplexer Restructuring Statistics (Restructuring Performed)
 12. Parameter Settings for Inferred Entity Instance: lpm_divide:Mod0
 13. Parameter Settings for Inferred Entity Instance: lpm_divide:Div0
 14. Analysis & Synthesis Messages
 15. Analysis & Synthesis Suppressed Messages



----------------
; Legal Notice ;
----------------
Copyright (C) 1991-2010 Altera Corporation
Your use of Altera Corporation's design tools, logic functions 
and other software and tools, and its AMPP partner logic 
functions, and any output files from any of the foregoing 
(including device programming or simulation files), and any 
associated documentation or information are expressly subject 
to the terms and conditions of the Altera Program License 
Subscription Agreement, Altera MegaCore Function License 
Agreement, or other applicable license agreement, including, 
without limitation, that your use is for the sole purpose of 
programming logic devices manufactured by Altera and sold by 
Altera or its authorized distributors.  Please refer to the 
applicable agreement for further details.



+-----------------------------------------------------------------------------------+
; Analysis & Synthesis Summary                                                      ;
+------------------------------------+----------------------------------------------+
; Analysis & Synthesis Status        ; Successful - Mon Nov 24 18:04:02 2025        ;
; Quartus II Version                 ; 9.1 Build 350 03/24/2010 SP 2 SJ Web Edition ;
; Revision Name                      ; ttt                                          ;
; Top-level Entity Name              ; ttt                                          ;
; Family                             ; Cyclone III                                  ;
; Total logic elements               ; 397                                          ;
;     Total combinational functions  ; 397                                          ;
;     Dedicated logic registers      ; 101                                          ;
; Total registers                    ; 101                                          ;
; Total pins                         ; 39                                           ;
; Total virtual pins                 ; 0                                            ;
; Total memory bits                  ; 0                                            ;
; Embedded Multiplier 9-bit elements ; 0                                            ;
; Total PLLs                         ; 0                                            ;
+------------------------------------+----------------------------------------------+


+----------------------------------------------------------------------------------------------------------------------+
; Analysis & Synthesis Settings                                                                                        ;
+----------------------------------------------------------------------------+--------------------+--------------------+
; Option                                                                     ; Setting            ; Default Value      ;
+----------------------------------------------------------------------------+--------------------+--------------------+
; Device                                                                     ; EP3C16F484C6       ;                    ;
; Top-level entity name                                                      ; ttt                ; ttt                ;
; Family name                                                                ; Cyclone III        ; Stratix II         ;
; Use Generated Physical Constraints File                                    ; Off                ;                    ;
; Use smart compilation                                                      ; Off                ; Off                ;
; Enable parallel Assembler and TimeQuest Timing Analyzer during compilation ; On                 ; On                 ;
; Enable compact report table                                                ; Off                ; Off                ;
; Restructure Multiplexers                                                   ; Auto               ; Auto               ;
; Create Debugging Nodes for IP Cores                                        ; Off                ; Off                ;
; Preserve fewer node names                                                  ; On                 ; On                 ;
; Disable OpenCore Plus hardware evaluation                                  ; Off                ; Off                ;
; Verilog Version                                                            ; Verilog_2001       ; Verilog_2001       ;
; VHDL Version                                                               ; VHDL_1993          ; VHDL_1993          ;
; State Machine Processing                                                   ; Auto               ; Auto               ;
; Safe State Machine                                                         ; Off                ; Off                ;
; Extract Verilog State Machines                                             ; On                 ; On                 ;
; Extract VHDL State Machines                                                ; On                 ; On                 ;
; Ignore Verilog initial constructs                                          ; Off                ; Off                ;
; Iteration limit for constant Verilog loops                                 ; 5000               ; 5000               ;
; Iteration limit for non-constant Verilog loops                             ; 250                ; 250                ;
; Add Pass-Through Logic to Inferred RAMs                                    ; On                 ; On                 ;
; Parallel Synthesis                                                         ; On                 ; On                 ;
; DSP Block Balancing                                                        ; Auto               ; Auto               ;
; NOT Gate Push-Back                                                         ; On                 ; On                 ;
; Power-Up Don't Care                                                        ; On                 ; On                 ;
; Remove Redundant Logic Cells                                               ; Off                ; Off                ;
; Remove Duplicate Registers                                                 ; On                 ; On                 ;
; Ignore CARRY Buffers                                                       ; Off                ; Off                ;
; Ignore CASCADE Buffers                                                     ; Off                ; Off                ;
; Ignore GLOBAL Buffers                                                      ; Off                ; Off                ;
; Ignore ROW GLOBAL Buffers                                                  ; Off                ; Off                ;
; Ignore LCELL Buffers                                                       ; Off                ; Off                ;
; Ignore SOFT Buffers                                                        ; On                 ; On                 ;
; Limit AHDL Integers to 32 Bits                                             ; Off                ; Off                ;
; Optimization Technique                                                     ; Balanced           ; Balanced           ;
; Carry Chain Length                                                         ; 70                 ; 70                 ;
; Auto Carry Chains                                                          ; On                 ; On                 ;
; Auto Open-Drain Pins                                                       ; On                 ; On                 ;
; Perform WYSIWYG Primitive Resynthesis                                      ; Off                ; Off                ;
; Auto ROM Replacement                                                       ; On                 ; On                 ;
; Auto RAM Replacement                                                       ; On                 ; On                 ;
; Auto DSP Block Replacement                                                 ; On                 ; On                 ;
; Auto Shift Register Replacement                                            ; Auto               ; Auto               ;
; Auto Clock Enable Replacement                                              ; On                 ; On                 ;
; Strict RAM Replacement                                                     ; Off                ; Off                ;
; Allow Synchronous Control Signals                                          ; On                 ; On                 ;
; Force Use of Synchronous Clear Signals                                     ; Off                ; Off                ;
; Auto RAM Block Balancing                                                   ; On                 ; On                 ;
; Auto RAM to Logic Cell Conversion                                          ; Off                ; Off                ;
; Auto Resource Sharing                                                      ; Off                ; Off                ;
; Allow Any RAM Size For Recognition                                         ; Off                ; Off                ;
; Allow Any ROM Size For Recognition                                         ; Off                ; Off                ;
; Allow Any Shift Register Size For Recognition                              ; Off                ; Off                ;
; Use LogicLock Constraints during Resource Balancing                        ; On                 ; On                 ;
; Ignore translate_off and synthesis_off directives                          ; Off                ; Off                ;
; Timing-Driven Synthesis                                                    ; On                 ; On                 ;
; Show Parameter Settings Tables in Synthesis Report                         ; On                 ; On                 ;
; Ignore Maximum Fan-Out Assignments                                         ; Off                ; Off                ;
; Synchronization Register Chain Length                                      ; 2                  ; 2                  ;
; PowerPlay Power Optimization                                               ; Normal compilation ; Normal compilation ;
; HDL message level                                                          ; Level2             ; Level2             ;
; Suppress Register Optimization Related Messages                            ; Off                ; Off                ;
; Number of Removed Registers Reported in Synthesis Report                   ; 5000               ; 5000               ;
; Number of Inverted Registers Reported in Synthesis Report                  ; 100                ; 100                ;
; Clock MUX Protection                                                       ; On                 ; On                 ;
; Auto Gated Clock Conversion                                                ; Off                ; Off                ;
; Block Design Naming                                                        ; Auto               ; Auto               ;
; SDC constraint protection                                                  ; Off                ; Off                ;
; Synthesis Effort                                                           ; Auto               ; Auto               ;
; Shift Register Replacement - Allow Asynchronous Clear Signal               ; On                 ; On                 ;
; Analysis & Synthesis Message Level                                         ; Medium             ; Medium             ;
; Disable Register Merging Across Hierarchies                                ; Auto               ; Auto               ;
; Resource Aware Inference For Block RAM                                     ; On                 ; On                 ;
+----------------------------------------------------------------------------+--------------------+--------------------+


Parallel compilation was disabled, but you have multiple processors available. Enable parallel compilation to reduce compilation time.
+-------------------------------------+
; Parallel Compilation                ;
+----------------------------+--------+
; Processors                 ; Number ;
+----------------------------+--------+
; Number detected on machine ; 16     ;
; Maximum allowed            ; 1      ;
+----------------------------+--------+


+-----------------------------------------------------------------------------------------------------------------------------------------------------------------------------------------------------------------+
; Analysis & Synthesis Source Files Read                                                                                                                                                                          ;
+----------------------------------+-----------------+------------------------------+-----------------------------------------------------------------------------------------------------------------------------+
; File Name with User-Entered Path ; Used in Netlist ; File Type                    ; File Name with Absolute Path                                                                                                ;
+----------------------------------+-----------------+------------------------------+-----------------------------------------------------------------------------------------------------------------------------+
; ttt.v                            ; yes             ; User Verilog HDL File        ; Z:/! 計畫_實踐 DSL1112遊戲專案 NAS_1119/SW+B/CS255A-7 接水果大作戰/FinalProject - 水果大作戰/ttt/ttt.v                      ;
; lpm_divide.tdf                   ; yes             ; Megafunction                 ; c:/altera/91sp2/quartus/libraries/megafunctions/lpm_divide.tdf                                                              ;
; db/lpm_divide_d8m.tdf            ; yes             ; Auto-Generated Megafunction  ; Z:/! 計畫_實踐 DSL1112遊戲專案 NAS_1119/SW+B/CS255A-7 接水果大作戰/FinalProject - 水果大作戰/ttt/db/lpm_divide_d8m.tdf      ;
; db/sign_div_unsign_bkh.tdf       ; yes             ; Auto-Generated Megafunction  ; Z:/! 計畫_實踐 DSL1112遊戲專案 NAS_1119/SW+B/CS255A-7 接水果大作戰/FinalProject - 水果大作戰/ttt/db/sign_div_unsign_bkh.tdf ;
; db/alt_u_div_13f.tdf             ; yes             ; Auto-Generated Megafunction  ; Z:/! 計畫_實踐 DSL1112遊戲專案 NAS_1119/SW+B/CS255A-7 接水果大作戰/FinalProject - 水果大作戰/ttt/db/alt_u_div_13f.tdf       ;
; db/add_sub_unc.tdf               ; yes             ; Auto-Generated Megafunction  ; Z:/! 計畫_實踐 DSL1112遊戲專案 NAS_1119/SW+B/CS255A-7 接水果大作戰/FinalProject - 水果大作戰/ttt/db/add_sub_unc.tdf         ;
; db/add_sub_vnc.tdf               ; yes             ; Auto-Generated Megafunction  ; Z:/! 計畫_實踐 DSL1112遊戲專案 NAS_1119/SW+B/CS255A-7 接水果大作戰/FinalProject - 水果大作戰/ttt/db/add_sub_vnc.tdf         ;
; db/lpm_divide_agm.tdf            ; yes             ; Auto-Generated Megafunction  ; Z:/! 計畫_實踐 DSL1112遊戲專案 NAS_1119/SW+B/CS255A-7 接水果大作戰/FinalProject - 水果大作戰/ttt/db/lpm_divide_agm.tdf      ;
+----------------------------------+-----------------+------------------------------+-----------------------------------------------------------------------------------------------------------------------------+


+---------------------------------------------------------+
; Analysis & Synthesis Resource Usage Summary             ;
+---------------------------------------------+-----------+
; Resource                                    ; Usage     ;
+---------------------------------------------+-----------+
; Estimated Total logic elements              ; 397       ;
;                                             ;           ;
; Total combinational functions               ; 397       ;
; Logic element usage by number of LUT inputs ;           ;
;     -- 4 input functions                    ; 122       ;
;     -- 3 input functions                    ; 67        ;
;     -- <=2 input functions                  ; 208       ;
;                                             ;           ;
; Logic elements by mode                      ;           ;
;     -- normal mode                          ; 228       ;
;     -- arithmetic mode                      ; 169       ;
;                                             ;           ;
; Total registers                             ; 101       ;
;     -- Dedicated logic registers            ; 101       ;
;     -- I/O registers                        ; 0         ;
;                                             ;           ;
; I/O pins                                    ; 39        ;
; Maximum fan-out node                        ; clk~input ;
; Maximum fan-out                             ; 70        ;
; Total fan-out                               ; 1463      ;
; Average fan-out                             ; 2.54      ;
+---------------------------------------------+-----------+


+--------------------------------------------------------------------------------------------------------------------------------------------------------------------------------------------------------------------------------------------------------------------------+
; Analysis & Synthesis Resource Utilization by Entity                                                                                                                                                                                                                      ;
+----------------------------------------+-------------------+--------------+-------------+--------------+---------+-----------+------+--------------+------------------------------------------------------------------------------------------------------+--------------+
; Compilation Hierarchy Node             ; LC Combinationals ; LC Registers ; Memory Bits ; DSP Elements ; DSP 9x9 ; DSP 18x18 ; Pins ; Virtual Pins ; Full Hierarchy Name                                                                                  ; Library Name ;
+----------------------------------------+-------------------+--------------+-------------+--------------+---------+-----------+------+--------------+------------------------------------------------------------------------------------------------------+--------------+
; |ttt                                   ; 397 (282)         ; 101 (101)    ; 0           ; 0            ; 0       ; 0         ; 39   ; 0            ; |ttt                                                                                                 ; work         ;
;    |lpm_divide:Div0|                   ; 56 (0)            ; 0 (0)        ; 0           ; 0            ; 0       ; 0         ; 0    ; 0            ; |ttt|lpm_divide:Div0                                                                                 ;              ;
;       |lpm_divide_agm:auto_generated|  ; 56 (0)            ; 0 (0)        ; 0           ; 0            ; 0       ; 0         ; 0    ; 0            ; |ttt|lpm_divide:Div0|lpm_divide_agm:auto_generated                                                   ;              ;
;          |sign_div_unsign_bkh:divider| ; 56 (0)            ; 0 (0)        ; 0           ; 0            ; 0       ; 0         ; 0    ; 0            ; |ttt|lpm_divide:Div0|lpm_divide_agm:auto_generated|sign_div_unsign_bkh:divider                       ;              ;
;             |alt_u_div_13f:divider|    ; 56 (56)           ; 0 (0)        ; 0           ; 0            ; 0       ; 0         ; 0    ; 0            ; |ttt|lpm_divide:Div0|lpm_divide_agm:auto_generated|sign_div_unsign_bkh:divider|alt_u_div_13f:divider ;              ;
;    |lpm_divide:Mod0|                   ; 59 (0)            ; 0 (0)        ; 0           ; 0            ; 0       ; 0         ; 0    ; 0            ; |ttt|lpm_divide:Mod0                                                                                 ;              ;
;       |lpm_divide_d8m:auto_generated|  ; 59 (0)            ; 0 (0)        ; 0           ; 0            ; 0       ; 0         ; 0    ; 0            ; |ttt|lpm_divide:Mod0|lpm_divide_d8m:auto_generated                                                   ;              ;
;          |sign_div_unsign_bkh:divider| ; 59 (0)            ; 0 (0)        ; 0           ; 0            ; 0       ; 0         ; 0    ; 0            ; |ttt|lpm_divide:Mod0|lpm_divide_d8m:auto_generated|sign_div_unsign_bkh:divider                       ;              ;
;             |alt_u_div_13f:divider|    ; 59 (59)           ; 0 (0)        ; 0           ; 0            ; 0       ; 0         ; 0    ; 0            ; |ttt|lpm_divide:Mod0|lpm_divide_d8m:auto_generated|sign_div_unsign_bkh:divider|alt_u_div_13f:divider ;              ;
+----------------------------------------+-------------------+--------------+-------------+--------------+---------+-----------+------+--------------+------------------------------------------------------------------------------------------------------+--------------+
Note: For table entries with two numbers listed, the numbers in parentheses indicate the number of resources of the given type used by the specific entity alone. The numbers listed outside of parentheses indicate the total resources of the given type used by the specific entity and all of its sub-entities in the hierarchy.


+---------------------------------------------------------------------------------+
; Registers Removed During Synthesis                                              ;
+----------------------------------------+----------------------------------------+
; Register name                          ; Reason for Removal                     ;
+----------------------------------------+----------------------------------------+
; rm_out[0]~reg0                         ; Stuck at VCC due to stuck port data_in ;
; rm_out[1]~reg0                         ; Stuck at VCC due to stuck port data_in ;
; rm_out[2]~reg0                         ; Stuck at VCC due to stuck port data_in ;
; rm_out[3]~reg0                         ; Stuck at VCC due to stuck port data_in ;
; rm_out[4]~reg0                         ; Stuck at VCC due to stuck port data_in ;
; rm_out[5]~reg0                         ; Stuck at VCC due to stuck port data_in ;
; lm_out[0]~reg0                         ; Stuck at VCC due to stuck port data_in ;
; lm_out[1]~reg0                         ; Stuck at VCC due to stuck port data_in ;
; lm_out[2]~reg0                         ; Stuck at VCC due to stuck port data_in ;
; lm_out[3]~reg0                         ; Stuck at VCC due to stuck port data_in ;
; lm_out[4]~reg0                         ; Stuck at VCC due to stuck port data_in ;
; lm_out[5]~reg0                         ; Stuck at VCC due to stuck port data_in ;
; l[9]~reg0                              ; Merged with l[8]~reg0                  ;
; l[11]~reg0                             ; Merged with l[10]~reg0                 ;
; l[10]~reg0                             ; Stuck at VCC due to stuck port data_in ;
; Total Number of Removed Registers = 15 ;                                        ;
+----------------------------------------+----------------------------------------+


+------------------------------------------------------+
; General Register Statistics                          ;
+----------------------------------------------+-------+
; Statistic                                    ; Value ;
+----------------------------------------------+-------+
; Total registers                              ; 101   ;
; Number of registers using Synchronous Clear  ; 74    ;
; Number of registers using Synchronous Load   ; 0     ;
; Number of registers using Asynchronous Clear ; 0     ;
; Number of registers using Asynchronous Load  ; 0     ;
; Number of registers using Clock Enable       ; 48    ;
; Number of registers using Preset             ; 0     ;
+----------------------------------------------+-------+


+---------------------------------------------------+
; Inverted Register Statistics                      ;
+-----------------------------------------+---------+
; Inverted Register                       ; Fan out ;
+-----------------------------------------+---------+
; base_out[0]~reg0                        ; 10      ;
; base_out[1]~reg0                        ; 10      ;
; l_out[0]~reg0                           ; 3       ;
; l_out[1]~reg0                           ; 4       ;
; l_out[2]~reg0                           ; 5       ;
; r_out[0]~reg0                           ; 2       ;
; r_out[1]~reg0                           ; 2       ;
; r_out[2]~reg0                           ; 3       ;
; m_out[0]~reg0                           ; 2       ;
; m_out[1]~reg0                           ; 2       ;
; m_out[2]~reg0                           ; 3       ;
; l[0]~reg0                               ; 1       ;
; l[1]~reg0                               ; 1       ;
; l[2]~reg0                               ; 1       ;
; l[3]~reg0                               ; 1       ;
; l[4]~reg0                               ; 2       ;
; l[5]~reg0                               ; 2       ;
; l[6]~reg0                               ; 2       ;
; l[7]~reg0                               ; 2       ;
; l[8]~reg0                               ; 3       ;
; countdown[2]                            ; 19      ;
; countdown[0]                            ; 18      ;
; random[0]                               ; 6       ;
; Total number of inverted registers = 23 ;         ;
+-----------------------------------------+---------+


+------------------------------------------------------------------------------------------------------------------------------------------+
; Multiplexer Restructuring Statistics (Restructuring Performed)                                                                           ;
+--------------------+-----------+---------------+----------------------+------------------------+------------+----------------------------+
; Multiplexer Inputs ; Bus Width ; Baseline Area ; Area if Restructured ; Saving if Restructured ; Registered ; Example Multiplexer Output ;
+--------------------+-----------+---------------+----------------------+------------------------+------------+----------------------------+
; 3:1                ; 32 bits   ; 64 LEs        ; 32 LEs               ; 32 LEs                 ; Yes        ; |ttt|speed_controller[14]  ;
; 5:1                ; 32 bits   ; 96 LEs        ; 32 LEs               ; 64 LEs                 ; Yes        ; |ttt|counter[9]            ;
; 4:1                ; 2 bits    ; 4 LEs         ; 2 LEs                ; 2 LEs                  ; Yes        ; |ttt|countdown[0]          ;
; 7:1                ; 3 bits    ; 12 LEs        ; 9 LEs                ; 3 LEs                  ; Yes        ; |ttt|l_out[2]~reg0         ;
; 6:1                ; 2 bits    ; 8 LEs         ; 8 LEs                ; 0 LEs                  ; Yes        ; |ttt|l[7]~reg0             ;
; 12:1               ; 5 bits    ; 40 LEs        ; 35 LEs               ; 5 LEs                  ; Yes        ; |ttt|l_out[0]~reg0         ;
; 19:1               ; 2 bits    ; 24 LEs        ; 16 LEs               ; 8 LEs                  ; Yes        ; |ttt|l[1]~reg0             ;
+--------------------+-----------+---------------+----------------------+------------------------+------------+----------------------------+


+------------------------------------------------------------------+
; Parameter Settings for Inferred Entity Instance: lpm_divide:Mod0 ;
+------------------------+----------------+------------------------+
; Parameter Name         ; Value          ; Type                   ;
+------------------------+----------------+------------------------+
; LPM_WIDTHN             ; 8              ; Untyped                ;
; LPM_WIDTHD             ; 4              ; Untyped                ;
; LPM_NREPRESENTATION    ; UNSIGNED       ; Untyped                ;
; LPM_DREPRESENTATION    ; UNSIGNED       ; Untyped                ;
; LPM_PIPELINE           ; 0              ; Untyped                ;
; LPM_REMAINDERPOSITIVE  ; TRUE           ; Untyped                ;
; MAXIMIZE_SPEED         ; 5              ; Untyped                ;
; CBXI_PARAMETER         ; lpm_divide_d8m ; Untyped                ;
; CARRY_CHAIN            ; MANUAL         ; Untyped                ;
; OPTIMIZE_FOR_SPEED     ; 5              ; Untyped                ;
; AUTO_CARRY_CHAINS      ; ON             ; AUTO_CARRY             ;
; IGNORE_CARRY_BUFFERS   ; OFF            ; IGNORE_CARRY           ;
; AUTO_CASCADE_CHAINS    ; ON             ; AUTO_CASCADE           ;
; IGNORE_CASCADE_BUFFERS ; OFF            ; IGNORE_CASCADE         ;
+------------------------+----------------+------------------------+
Note: In order to hide this table in the UI and the text report file, please set the "Show Parameter Settings Tables in Synthesis Report" option in "Analysis and Synthesis Settings -> More Settings" to "Off".


+------------------------------------------------------------------+
; Parameter Settings for Inferred Entity Instance: lpm_divide:Div0 ;
+------------------------+----------------+------------------------+
; Parameter Name         ; Value          ; Type                   ;
+------------------------+----------------+------------------------+
; LPM_WIDTHN             ; 8              ; Untyped                ;
; LPM_WIDTHD             ; 4              ; Untyped                ;
; LPM_NREPRESENTATION    ; UNSIGNED       ; Untyped                ;
; LPM_DREPRESENTATION    ; UNSIGNED       ; Untyped                ;
; LPM_PIPELINE           ; 0              ; Untyped                ;
; LPM_REMAINDERPOSITIVE  ; TRUE           ; Untyped                ;
; MAXIMIZE_SPEED         ; 5              ; Untyped                ;
; CBXI_PARAMETER         ; lpm_divide_agm ; Untyped                ;
; CARRY_CHAIN            ; MANUAL         ; Untyped                ;
; OPTIMIZE_FOR_SPEED     ; 5              ; Untyped                ;
; AUTO_CARRY_CHAINS      ; ON             ; AUTO_CARRY             ;
; IGNORE_CARRY_BUFFERS   ; OFF            ; IGNORE_CARRY           ;
; AUTO_CASCADE_CHAINS    ; ON             ; AUTO_CASCADE           ;
; IGNORE_CASCADE_BUFFERS ; OFF            ; IGNORE_CASCADE         ;
+------------------------+----------------+------------------------+
Note: In order to hide this table in the UI and the text report file, please set the "Show Parameter Settings Tables in Synthesis Report" option in "Analysis and Synthesis Settings -> More Settings" to "Off".


+-------------------------------+
; Analysis & Synthesis Messages ;
+-------------------------------+
Info: *******************************************************************
Info: Running Quartus II Analysis & Synthesis
    Info: Version 9.1 Build 350 03/24/2010 Service Pack 2 SJ Web Edition
    Info: Processing started: Mon Nov 24 18:03:34 2025
Info: Command: quartus_map --read_settings_files=on --write_settings_files=off ttt -c ttt
Info: Found 1 design units, including 1 entities, in source file ttt.v
    Info: Found entity 1: ttt
Info: Elaborating entity "ttt" for the top level hierarchy
Warning (10230): Verilog HDL assignment warning at ttt.v(46): truncated value with size 32 to match size of target (8)
Warning (10230): Verilog HDL assignment warning at ttt.v(47): truncated value with size 32 to match size of target (8)
Warning (10230): Verilog HDL assignment warning at ttt.v(50): truncated value with size 2 to match size of target (1)
Warning (10230): Verilog HDL assignment warning at ttt.v(51): truncated value with size 2 to match size of target (1)
Warning (10230): Verilog HDL assignment warning at ttt.v(52): truncated value with size 2 to match size of target (1)
Warning (10230): Verilog HDL assignment warning at ttt.v(56): truncated value with size 2 to match size of target (1)
Warning (10230): Verilog HDL assignment warning at ttt.v(57): truncated value with size 2 to match size of target (1)
Warning (10230): Verilog HDL assignment warning at ttt.v(58): truncated value with size 2 to match size of target (1)
Warning (10230): Verilog HDL assignment warning at ttt.v(62): truncated value with size 2 to match size of target (1)
Warning (10230): Verilog HDL assignment warning at ttt.v(63): truncated value with size 2 to match size of target (1)
Warning (10230): Verilog HDL assignment warning at ttt.v(64): truncated value with size 2 to match size of target (1)
Warning (10230): Verilog HDL assignment warning at ttt.v(68): truncated value with size 2 to match size of target (1)
Warning (10230): Verilog HDL assignment warning at ttt.v(69): truncated value with size 2 to match size of target (1)
Warning (10230): Verilog HDL assignment warning at ttt.v(70): truncated value with size 2 to match size of target (1)
Warning (10230): Verilog HDL assignment warning at ttt.v(74): truncated value with size 2 to match size of target (1)
Warning (10230): Verilog HDL assignment warning at ttt.v(75): truncated value with size 2 to match size of target (1)
Warning (10230): Verilog HDL assignment warning at ttt.v(76): truncated value with size 2 to match size of target (1)
Warning (10230): Verilog HDL assignment warning at ttt.v(80): truncated value with size 2 to match size of target (1)
Warning (10230): Verilog HDL assignment warning at ttt.v(81): truncated value with size 2 to match size of target (1)
Warning (10230): Verilog HDL assignment warning at ttt.v(82): truncated value with size 2 to match size of target (1)
Warning (10230): Verilog HDL assignment warning at ttt.v(86): truncated value with size 2 to match size of target (1)
Warning (10230): Verilog HDL assignment warning at ttt.v(87): truncated value with size 2 to match size of target (1)
Warning (10230): Verilog HDL assignment warning at ttt.v(88): truncated value with size 2 to match size of target (1)
Warning (10230): Verilog HDL assignment warning at ttt.v(92): truncated value with size 2 to match size of target (1)
Warning (10230): Verilog HDL assignment warning at ttt.v(93): truncated value with size 2 to match size of target (1)
Warning (10230): Verilog HDL assignment warning at ttt.v(94): truncated value with size 2 to match size of target (1)
Warning (10230): Verilog HDL assignment warning at ttt.v(98): truncated value with size 2 to match size of target (1)
Warning (10230): Verilog HDL assignment warning at ttt.v(99): truncated value with size 2 to match size of target (1)
Warning (10230): Verilog HDL assignment warning at ttt.v(100): truncated value with size 2 to match size of target (1)
Warning (10230): Verilog HDL assignment warning at ttt.v(104): truncated value with size 2 to match size of target (1)
Warning (10230): Verilog HDL assignment warning at ttt.v(105): truncated value with size 2 to match size of target (1)
Warning (10230): Verilog HDL assignment warning at ttt.v(106): truncated value with size 2 to match size of target (1)
Warning (10230): Verilog HDL assignment warning at ttt.v(110): truncated value with size 2 to match size of target (1)
Warning (10230): Verilog HDL assignment warning at ttt.v(111): truncated value with size 2 to match size of target (1)
Warning (10230): Verilog HDL assignment warning at ttt.v(112): truncated value with size 2 to match size of target (1)
Warning (10230): Verilog HDL assignment warning at ttt.v(116): truncated value with size 2 to match size of target (1)
Warning (10230): Verilog HDL assignment warning at ttt.v(117): truncated value with size 2 to match size of target (1)
Warning (10230): Verilog HDL assignment warning at ttt.v(118): truncated value with size 2 to match size of target (1)
Warning (10230): Verilog HDL assignment warning at ttt.v(122): truncated value with size 2 to match size of target (1)
Warning (10230): Verilog HDL assignment warning at ttt.v(123): truncated value with size 2 to match size of target (1)
Warning (10230): Verilog HDL assignment warning at ttt.v(124): truncated value with size 2 to match size of target (1)
Warning (10230): Verilog HDL assignment warning at ttt.v(128): truncated value with size 2 to match size of target (1)
Warning (10230): Verilog HDL assignment warning at ttt.v(129): truncated value with size 2 to match size of target (1)
Warning (10230): Verilog HDL assignment warning at ttt.v(130): truncated value with size 2 to match size of target (1)
Warning (10230): Verilog HDL assignment warning at ttt.v(134): truncated value with size 2 to match size of target (1)
Warning (10230): Verilog HDL assignment warning at ttt.v(135): truncated value with size 2 to match size of target (1)
Warning (10230): Verilog HDL assignment warning at ttt.v(136): truncated value with size 2 to match size of target (1)
Warning (10230): Verilog HDL assignment warning at ttt.v(140): truncated value with size 2 to match size of target (1)
Warning (10230): Verilog HDL assignment warning at ttt.v(141): truncated value with size 2 to match size of target (1)
Warning (10230): Verilog HDL assignment warning at ttt.v(142): truncated value with size 2 to match size of target (1)
Warning (10230): Verilog HDL assignment warning at ttt.v(146): truncated value with size 2 to match size of target (1)
Warning (10230): Verilog HDL assignment warning at ttt.v(147): truncated value with size 2 to match size of target (1)
Warning (10230): Verilog HDL assignment warning at ttt.v(148): truncated value with size 2 to match size of target (1)
Warning (10230): Verilog HDL assignment warning at ttt.v(152): truncated value with size 2 to match size of target (1)
Warning (10230): Verilog HDL assignment warning at ttt.v(153): truncated value with size 2 to match size of target (1)
Warning (10230): Verilog HDL assignment warning at ttt.v(154): truncated value with size 2 to match size of target (1)
Warning (10230): Verilog HDL assignment warning at ttt.v(158): truncated value with size 2 to match size of target (1)
Warning (10230): Verilog HDL assignment warning at ttt.v(159): truncated value with size 2 to match size of target (1)
Warning (10230): Verilog HDL assignment warning at ttt.v(160): truncated value with size 2 to match size of target (1)
Warning (10230): Verilog HDL assignment warning at ttt.v(164): truncated value with size 2 to match size of target (1)
Warning (10230): Verilog HDL assignment warning at ttt.v(165): truncated value with size 2 to match size of target (1)
Warning (10230): Verilog HDL assignment warning at ttt.v(166): truncated value with size 2 to match size of target (1)
Warning (10230): Verilog HDL assignment warning at ttt.v(170): truncated value with size 2 to match size of target (1)
Warning (10230): Verilog HDL assignment warning at ttt.v(171): truncated value with size 2 to match size of target (1)
Warning (10230): Verilog HDL assignment warning at ttt.v(172): truncated value with size 2 to match size of target (1)
Warning (10230): Verilog HDL assignment warning at ttt.v(176): truncated value with size 2 to match size of target (1)
Warning (10230): Verilog HDL assignment warning at ttt.v(177): truncated value with size 2 to match size of target (1)
Warning (10230): Verilog HDL assignment warning at ttt.v(178): truncated value with size 2 to match size of target (1)
Warning (10230): Verilog HDL assignment warning at ttt.v(181): truncated value with size 8 to match size of target (4)
Warning (10230): Verilog HDL assignment warning at ttt.v(187): truncated value with size 8 to match size of target (4)
Warning (10230): Verilog HDL assignment warning at ttt.v(232): truncated value with size 32 to match size of target (8)
Warning (10230): Verilog HDL assignment warning at ttt.v(236): truncated value with size 32 to match size of target (8)
Warning (10230): Verilog HDL assignment warning at ttt.v(240): truncated value with size 32 to match size of target (8)
Warning (10230): Verilog HDL assignment warning at ttt.v(285): truncated value with size 32 to match size of target (3)
Warning (10230): Verilog HDL assignment warning at ttt.v(288): truncated value with size 32 to match size of target (3)
Warning (10230): Verilog HDL assignment warning at ttt.v(291): truncated value with size 32 to match size of target (3)
Warning (10230): Verilog HDL assignment warning at ttt.v(304): truncated value with size 32 to match size of target (2)
Warning (10230): Verilog HDL assignment warning at ttt.v(321): truncated value with size 32 to match size of target (3)
Info: Inferred 2 megafunctions from design logic
    Info: Inferred divider/modulo megafunction ("lpm_divide") from the following logic: "Mod0"
    Info: Inferred divider/modulo megafunction ("lpm_divide") from the following logic: "Div0"
Info: Elaborated megafunction instantiation "lpm_divide:Mod0"
Info: Instantiated megafunction "lpm_divide:Mod0" with the following parameter:
    Info: Parameter "LPM_WIDTHN" = "8"
    Info: Parameter "LPM_WIDTHD" = "4"
    Info: Parameter "LPM_NREPRESENTATION" = "UNSIGNED"
    Info: Parameter "LPM_DREPRESENTATION" = "UNSIGNED"
Info: Found 1 design units, including 1 entities, in source file db/lpm_divide_d8m.tdf
    Info: Found entity 1: lpm_divide_d8m
Info: Found 1 design units, including 1 entities, in source file db/sign_div_unsign_bkh.tdf
    Info: Found entity 1: sign_div_unsign_bkh
Info: Found 1 design units, including 1 entities, in source file db/alt_u_div_13f.tdf
    Info: Found entity 1: alt_u_div_13f
Info: Found 1 design units, including 1 entities, in source file db/add_sub_unc.tdf
    Info: Found entity 1: add_sub_unc
Info: Found 1 design units, including 1 entities, in source file db/add_sub_vnc.tdf
    Info: Found entity 1: add_sub_vnc
Info: Elaborated megafunction instantiation "lpm_divide:Div0"
Info: Instantiated megafunction "lpm_divide:Div0" with the following parameter:
    Info: Parameter "LPM_WIDTHN" = "8"
    Info: Parameter "LPM_WIDTHD" = "4"
    Info: Parameter "LPM_NREPRESENTATION" = "UNSIGNED"
    Info: Parameter "LPM_DREPRESENTATION" = "UNSIGNED"
Info: Found 1 design units, including 1 entities, in source file db/lpm_divide_agm.tdf
    Info: Found entity 1: lpm_divide_agm
Warning: Output pins are stuck at VCC or GND
    Warning (13410): Pin "lm_out[0]" is stuck at VCC
    Warning (13410): Pin "lm_out[1]" is stuck at VCC
    Warning (13410): Pin "lm_out[2]" is stuck at VCC
    Warning (13410): Pin "lm_out[3]" is stuck at VCC
    Warning (13410): Pin "lm_out[4]" is stuck at VCC
    Warning (13410): Pin "lm_out[5]" is stuck at VCC
    Warning (13410): Pin "rm_out[0]" is stuck at VCC
    Warning (13410): Pin "rm_out[1]" is stuck at VCC
    Warning (13410): Pin "rm_out[2]" is stuck at VCC
    Warning (13410): Pin "rm_out[3]" is stuck at VCC
    Warning (13410): Pin "rm_out[4]" is stuck at VCC
    Warning (13410): Pin "rm_out[5]" is stuck at VCC
    Warning (13410): Pin "l[10]" is stuck at VCC
    Warning (13410): Pin "l[11]" is stuck at VCC
Info: Timing-Driven Synthesis is running
Info: Generated suppressed messages file Z:/! 計畫_實踐 DSL1112遊戲專案 NAS_1119/SW+B/CS255A-7 接水果大作戰/FinalProject - 水果大作戰/ttt/ttt.map.smsg
Info: Implemented 436 device resources after synthesis - the final resource count might be different
    Info: Implemented 3 input pins
    Info: Implemented 36 output pins
    Info: Implemented 397 logic cells
Info: Quartus II Analysis & Synthesis was successful. 0 errors, 93 warnings
    Info: Peak virtual memory: 237 megabytes
    Info: Processing ended: Mon Nov 24 18:04:03 2025
    Info: Elapsed time: 00:00:29
    Info: Total CPU time (on all processors): 00:00:03


+------------------------------------------+
; Analysis & Synthesis Suppressed Messages ;
+------------------------------------------+
The suppressed messages can be found in Z:/! 計畫_實踐 DSL1112遊戲專案 NAS_1119/SW+B/CS255A-7 接水果大作戰/FinalProject - 水果大作戰/ttt/ttt.map.smsg.


